[debug] [2020-11-21T14:36:22.907Z] ----------------------------------------------------------------------
[debug] [2020-11-21T14:36:22.910Z] Command:       C:\Program Files\nodejs\node.exe C:\Users\Acer_PC\AppData\Roaming\npm\node_modules\firebase-tools\lib\bin\firebase.js deploy
[debug] [2020-11-21T14:36:22.910Z] CLI Version:   8.16.2
[debug] [2020-11-21T14:36:22.910Z] Platform:      win32
[debug] [2020-11-21T14:36:22.910Z] Node Version:  v14.1.0
[debug] [2020-11-21T14:36:22.911Z] Time:          Sat Nov 21 2020 21:36:22 GMT+0700 (Indochina Time)
[debug] [2020-11-21T14:36:22.912Z] ----------------------------------------------------------------------
[debug] [2020-11-21T14:36:22.912Z] 
[debug] [2020-11-21T14:36:22.921Z] > command requires scopes: ["email","openid","https://www.googleapis.com/auth/cloudplatformprojects.readonly","https://www.googleapis.com/auth/firebase","https://www.googleapis.com/auth/cloud-platform"]
[debug] [2020-11-21T14:36:22.922Z] > authorizing via signed-in user
[debug] [2020-11-21T14:36:22.922Z] [iam] checking project restapi-58654 for permissions ["cloudfunctions.functions.create","cloudfunctions.functions.delete","cloudfunctions.functions.get","cloudfunctions.functions.list","cloudfunctions.functions.update","cloudfunctions.operations.get","datastore.indexes.create","datastore.indexes.delete","datastore.indexes.list","datastore.indexes.update","firebase.projects.get","firebasedatabase.instances.update","firebasehosting.sites.update","firebaserules.releases.create","firebaserules.releases.update","firebaserules.rulesets.create"]
[debug] [2020-11-21T14:36:22.926Z] >>> HTTP REQUEST POST https://cloudresourcemanager.googleapis.com/v1/projects/restapi-58654:testIamPermissions  
 {"permissions":["cloudfunctions.functions.create","cloudfunctions.functions.delete","cloudfunctions.functions.get","cloudfunctions.functions.list","cloudfunctions.functions.update","cloudfunctions.operations.get","datastore.indexes.create","datastore.indexes.delete","datastore.indexes.list","datastore.indexes.update","firebase.projects.get","firebasedatabase.instances.update","firebasehosting.sites.update","firebaserules.releases.create","firebaserules.releases.update","firebaserules.rulesets.create"]}
[debug] [2020-11-21T14:36:38.619Z] ----------------------------------------------------------------------
[debug] [2020-11-21T14:36:38.621Z] Command:       C:\Program Files\nodejs\node.exe C:\Users\Acer_PC\AppData\Roaming\npm\node_modules\firebase-tools\lib\bin\firebase.js deploy --only functions
[debug] [2020-11-21T14:36:38.622Z] CLI Version:   8.16.2
[debug] [2020-11-21T14:36:38.622Z] Platform:      win32
[debug] [2020-11-21T14:36:38.622Z] Node Version:  v14.1.0
[debug] [2020-11-21T14:36:38.623Z] Time:          Sat Nov 21 2020 21:36:38 GMT+0700 (Indochina Time)
[debug] [2020-11-21T14:36:38.623Z] ----------------------------------------------------------------------
[debug] [2020-11-21T14:36:38.623Z] 
[debug] [2020-11-21T14:36:38.632Z] > command requires scopes: ["email","openid","https://www.googleapis.com/auth/cloudplatformprojects.readonly","https://www.googleapis.com/auth/firebase","https://www.googleapis.com/auth/cloud-platform"]
[debug] [2020-11-21T14:36:38.633Z] > authorizing via signed-in user
[debug] [2020-11-21T14:36:38.633Z] [iam] checking project restapi-58654 for permissions ["cloudfunctions.functions.create","cloudfunctions.functions.delete","cloudfunctions.functions.get","cloudfunctions.functions.list","cloudfunctions.functions.update","cloudfunctions.operations.get","firebase.projects.get"]
[debug] [2020-11-21T14:36:38.637Z] >>> HTTP REQUEST POST https://cloudresourcemanager.googleapis.com/v1/projects/restapi-58654:testIamPermissions  
 {"permissions":["cloudfunctions.functions.create","cloudfunctions.functions.delete","cloudfunctions.functions.get","cloudfunctions.functions.list","cloudfunctions.functions.update","cloudfunctions.operations.get","firebase.projects.get"]}
[debug] [2020-11-21T14:36:39.834Z] <<< HTTP RESPONSE 200 {"content-type":"application/json; charset=UTF-8","vary":"X-Origin, Referer, Origin,Accept-Encoding","date":"Sat, 21 Nov 2020 14:36:40 GMT","server":"ESF","cache-control":"private","x-xss-protection":"0","x-frame-options":"SAMEORIGIN","x-content-type-options":"nosniff","server-timing":"gfet4t7; dur=1070","alt-svc":"h3-29=\":443\"; ma=2592000,h3-T051=\":443\"; ma=2592000,h3-Q050=\":443\"; ma=2592000,h3-Q046=\":443\"; ma=2592000,h3-Q043=\":443\"; ma=2592000,quic=\":443\"; ma=2592000; v=\"46,43\"","accept-ranges":"none","transfer-encoding":"chunked"}
[debug] [2020-11-21T14:36:39.837Z] >>> HTTP REQUEST POST https://iam.googleapis.com/v1/projects/restapi-58654/serviceAccounts/restapi-58654@appspot.gserviceaccount.com:testIamPermissions  
 {"permissions":["iam.serviceAccounts.actAs"]}
[debug] [2020-11-21T14:36:41.230Z] <<< HTTP RESPONSE 200 {"content-type":"application/json; charset=UTF-8","vary":"X-Origin, Referer, Origin,Accept-Encoding","date":"Sat, 21 Nov 2020 14:36:41 GMT","server":"ESF","cache-control":"private","x-xss-protection":"0","x-frame-options":"SAMEORIGIN","x-content-type-options":"nosniff","alt-svc":"h3-29=\":443\"; ma=2592000,h3-T051=\":443\"; ma=2592000,h3-Q050=\":443\"; ma=2592000,h3-Q046=\":443\"; ma=2592000,h3-Q043=\":443\"; ma=2592000,quic=\":443\"; ma=2592000; v=\"46,43\"","accept-ranges":"none","transfer-encoding":"chunked"}
[info] 
[info] === Deploying to 'restapi-58654'...
[info] 
[info] i  deploying functions 
[info] Running command: npm --prefix "$RESOURCE_DIR" run lint
[info] +  functions: Finished running predeploy script. 
[debug] [2020-11-21T14:36:46.666Z] > [functions] package.json contents: {
  "name": "functions",
  "description": "Cloud Functions for Firebase",
  "scripts": {
    "lint": "eslint .",
    "serve": "firebase emulators:start --only functions",
    "shell": "firebase functions:shell",
    "start": "npm run shell",
    "deploy": "firebase deploy --only functions",
    "logs": "firebase functions:log"
  },
  "engines": {
    "node": "8"
  },
  "main": "index.js",
  "dependencies": {
    "firebase-admin": "^9.2.0",
    "firebase-functions": "^3.11.0"
  },
  "devDependencies": {
    "eslint": "^5.12.0",
    "eslint-plugin-promise": "^4.0.1",
    "firebase-functions-test": "^0.2.0"
  },
  "private": true
}
[info] i  functions: ensuring required API cloudfunctions.googleapis.com is enabled... 
[debug] [2020-11-21T14:36:48.591Z] >>> HTTP REQUEST GET https://serviceusage.googleapis.com/v1/projects/restapi-58654/services/cloudfunctions.googleapis.com  
 
[debug] [2020-11-21T14:36:48.592Z] >>> HTTP REQUEST GET https://serviceusage.googleapis.com/v1/projects/restapi-58654/services/runtimeconfig.googleapis.com  
 
[debug] [2020-11-21T14:36:50.070Z] <<< HTTP RESPONSE 200 {"content-type":"application/json; charset=UTF-8","vary":"X-Origin, Referer, Origin,Accept-Encoding","date":"Sat, 21 Nov 2020 14:36:50 GMT","server":"ESF","cache-control":"private","x-xss-protection":"0","x-frame-options":"SAMEORIGIN","x-content-type-options":"nosniff","alt-svc":"h3-29=\":443\"; ma=2592000,h3-T051=\":443\"; ma=2592000,h3-Q050=\":443\"; ma=2592000,h3-Q046=\":443\"; ma=2592000,h3-Q043=\":443\"; ma=2592000,quic=\":443\"; ma=2592000; v=\"46,43\"","accept-ranges":"none","transfer-encoding":"chunked"}
[debug] [2020-11-21T14:36:50.090Z] <<< HTTP RESPONSE 200 {"content-type":"application/json; charset=UTF-8","vary":"X-Origin, Referer, Origin,Accept-Encoding","date":"Sat, 21 Nov 2020 14:36:50 GMT","server":"ESF","cache-control":"private","x-xss-protection":"0","x-frame-options":"SAMEORIGIN","x-content-type-options":"nosniff","alt-svc":"h3-29=\":443\"; ma=2592000,h3-T051=\":443\"; ma=2592000,h3-Q050=\":443\"; ma=2592000,h3-Q046=\":443\"; ma=2592000,h3-Q043=\":443\"; ma=2592000,quic=\":443\"; ma=2592000; v=\"46,43\"","accept-ranges":"none","transfer-encoding":"chunked"}
[info] +  functions: required API cloudfunctions.googleapis.com is enabled 
[debug] [2020-11-21T14:36:50.092Z] >>> HTTP REQUEST GET https://firebase.googleapis.com/v1beta1/projects/restapi-58654/adminSdkConfig  
 
[debug] [2020-11-21T14:36:50.580Z] <<< HTTP RESPONSE 200 {"content-type":"application/json; charset=UTF-8","vary":"X-Origin, Referer, Origin,Accept-Encoding","date":"Sat, 21 Nov 2020 14:36:50 GMT","server":"ESF","cache-control":"private","x-xss-protection":"0","x-frame-options":"SAMEORIGIN","x-content-type-options":"nosniff","alt-svc":"h3-29=\":443\"; ma=2592000,h3-T051=\":443\"; ma=2592000,h3-Q050=\":443\"; ma=2592000,h3-Q046=\":443\"; ma=2592000,h3-Q043=\":443\"; ma=2592000,quic=\":443\"; ma=2592000; v=\"46,43\"","accept-ranges":"none","transfer-encoding":"chunked"}
[info] i  functions: preparing functions directory for uploading... 
[debug] [2020-11-21T14:36:50.582Z] >>> HTTP REQUEST GET https://runtimeconfig.googleapis.com/v1beta1/projects/restapi-58654/configs  
 
[debug] [2020-11-21T14:36:51.988Z] <<< HTTP RESPONSE 200 {"content-type":"application/json; charset=UTF-8","vary":"X-Origin, Referer, Origin,Accept-Encoding","date":"Sat, 21 Nov 2020 14:36:52 GMT","server":"ESF","cache-control":"private","x-xss-protection":"0","x-frame-options":"SAMEORIGIN","x-content-type-options":"nosniff","alt-svc":"h3-29=\":443\"; ma=2592000,h3-T051=\":443\"; ma=2592000,h3-Q050=\":443\"; ma=2592000,h3-Q046=\":443\"; ma=2592000,h3-Q043=\":443\"; ma=2592000,quic=\":443\"; ma=2592000; v=\"46,43\"","accept-ranges":"none","transfer-encoding":"chunked"}
[info] i  functions: packaged functions (37 KB) for uploading 
[debug] [2020-11-21T14:36:52.364Z] >>> HTTP REQUEST GET https://cloudfunctions.googleapis.com/v1/projects/restapi-58654/locations/-/functions  
 
[debug] [2020-11-21T14:36:53.119Z] <<< HTTP RESPONSE 200 {"content-type":"application/json; charset=UTF-8","vary":"X-Origin, Referer, Origin,Accept-Encoding","date":"Sat, 21 Nov 2020 14:36:53 GMT","server":"ESF","cache-control":"private","x-xss-protection":"0","x-frame-options":"SAMEORIGIN","x-content-type-options":"nosniff","alt-svc":"h3-29=\":443\"; ma=2592000,h3-T051=\":443\"; ma=2592000,h3-Q050=\":443\"; ma=2592000,h3-Q046=\":443\"; ma=2592000,h3-Q043=\":443\"; ma=2592000,quic=\":443\"; ma=2592000; v=\"46,43\"","accept-ranges":"none","transfer-encoding":"chunked"}
[debug] [2020-11-21T14:36:53.122Z] [functions] found 4 new HTTP functions, testing setIamPolicy permission...
[debug] [2020-11-21T14:36:53.122Z] >>> HTTP REQUEST POST https://cloudresourcemanager.googleapis.com/v1/projects/restapi-58654:testIamPermissions  
 {"permissions":["cloudfunctions.functions.setIamPolicy"]}
[debug] [2020-11-21T14:36:54.255Z] <<< HTTP RESPONSE 200 {"content-type":"application/json; charset=UTF-8","vary":"X-Origin, Referer, Origin,Accept-Encoding","date":"Sat, 21 Nov 2020 14:36:54 GMT","server":"ESF","cache-control":"private","x-xss-protection":"0","x-frame-options":"SAMEORIGIN","x-content-type-options":"nosniff","server-timing":"gfet4t7; dur=1032","alt-svc":"h3-29=\":443\"; ma=2592000,h3-T051=\":443\"; ma=2592000,h3-Q050=\":443\"; ma=2592000,h3-Q046=\":443\"; ma=2592000,h3-Q043=\":443\"; ma=2592000,quic=\":443\"; ma=2592000; v=\"46,43\"","accept-ranges":"none","transfer-encoding":"chunked"}
[debug] [2020-11-21T14:36:54.256Z] [functions] found setIamPolicy permission, proceeding with deploy
[debug] [2020-11-21T14:36:54.257Z] >>> HTTP REQUEST POST https://cloudfunctions.googleapis.com/v1/projects/restapi-58654/locations/us-central1/functions:generateUploadUrl  
 
[debug] [2020-11-21T14:36:55.300Z] <<< HTTP RESPONSE 200 {"content-type":"application/json; charset=UTF-8","vary":"X-Origin, Referer, Origin,Accept-Encoding","date":"Sat, 21 Nov 2020 14:36:55 GMT","server":"ESF","cache-control":"private","x-xss-protection":"0","x-frame-options":"SAMEORIGIN","x-content-type-options":"nosniff","alt-svc":"h3-29=\":443\"; ma=2592000,h3-T051=\":443\"; ma=2592000,h3-Q050=\":443\"; ma=2592000,h3-Q046=\":443\"; ma=2592000,h3-Q043=\":443\"; ma=2592000,quic=\":443\"; ma=2592000; v=\"46,43\"","accept-ranges":"none","transfer-encoding":"chunked"}
[debug] [2020-11-21T14:36:55.301Z] >>> HTTP REQUEST PUT https://storage.googleapis.com/gcf-upload-us-central1-2ab4dd32-79e1-4d6f-b801-e96b99a0995e/f09b284f-2e90-4cb0-b0a6-30f8b912e57f.zip?GoogleAccessId=service-414665973166@gcf-admin-robot.iam.gserviceaccount.com&Expires=1605971215&Signature=d7dCUKcsgF0mNDMUKNzAp2aK%2BjuR%2F%2BQAy3jNPZMa3WpIuae%2FV7f3mQGYlrUgDlvvyfijts7sr3h4lNmx22YP0qviimqR4BPR8jNrJn5rhbOL8OF89%2FaxnlU5jWdVvh%2BtpfzcHNptZG%2BKIDNCTLuXH2MPzAYBvopohiGyze0ix7B0X%2BFqVWKPse6W8OCyl3tnbvskUea%2Fch94xkzfn7TIWrjrfUb6lXplhITyebMIqX6tW7psav8uLuXQxnct7UJjK6cHmlEh7XHlYVFOF59aGkDLnA7nP0C%2FedF4inH2iStxsFOTBtjqM%2FbH9IPX7syZGcsQXAIe10vzRHlXq5CV7A%3D%3D  
 <request body omitted>
[debug] [2020-11-21T14:36:55.769Z] <<< HTTP RESPONSE 200 {"x-guploader-uploadid":"ABg5-Uz0QRA7zAJkxSog_rAvfUpXY_h14u7Yfx3dixXfgNnOz_22Vesj34CFUpm5kU-FfbQN04GoSQt4Ixhtia6gtzU","etag":"\"29ff4cd9e91afcc64fa5ac29d8fd9fc2\"","x-goog-generation":"1605969415945683","x-goog-metageneration":"1","x-goog-hash":"crc32c=ijdgmQ==, md5=Kf9M2eka/MZPpawp2P2fwg==","x-goog-stored-content-length":"37890","x-goog-stored-content-encoding":"identity","vary":"Origin","content-length":"0","date":"Sat, 21 Nov 2020 14:36:56 GMT","server":"UploadServer","content-type":"text/html; charset=UTF-8","alt-svc":"h3-29=\":443\"; ma=2592000,h3-T051=\":443\"; ma=2592000,h3-Q050=\":443\"; ma=2592000,h3-Q046=\":443\"; ma=2592000,h3-Q043=\":443\"; ma=2592000,quic=\":443\"; ma=2592000; v=\"46,43\""}
[info] +  functions: functions folder uploaded successfully 
[info] i  functions: creating Node.js 8 (Deprecated) function randomNumber(us-central1)... 
[debug] [2020-11-21T14:36:55.781Z] Trigger is:  {"httpsTrigger":{}}
[info] i  functions: creating Node.js 8 (Deprecated) function totheDojo(us-central1)... 
[debug] [2020-11-21T14:36:55.783Z] Trigger is:  {"httpsTrigger":{}}
[info] i  functions: creating Node.js 8 (Deprecated) function sayHello(us-central1)... 
[debug] [2020-11-21T14:36:55.784Z] Trigger is:  {"httpsTrigger":{}}
[info] i  functions: creating Node.js 8 (Deprecated) function add(us-central1)... 
[debug] [2020-11-21T14:36:55.785Z] Trigger is:  {"httpsTrigger":{}}
[info] 
The following functions are found in your project but do not exist in your local source code:
	user(us-central1)

If you are renaming a function or changing its region, it is recommended that you create the new function first before deleting the old one to prevent event loss. For more info, visit https://firebase.google.com/docs/functions/manage-functions#modify

[info] i  functions: deleting function user(us-central1)... 
[debug] [2020-11-21T14:36:58.960Z] >>> HTTP REQUEST POST https://cloudfunctions.googleapis.com/v1/projects/restapi-58654/locations/us-central1/functions  
 {"sourceUploadUrl":"https://storage.googleapis.com/gcf-upload-us-central1-2ab4dd32-79e1-4d6f-b801-e96b99a0995e/f09b284f-2e90-4cb0-b0a6-30f8b912e57f.zip?GoogleAccessId=service-414665973166@gcf-admin-robot.iam.gserviceaccount.com&Expires=1605971215&Signature=d7dCUKcsgF0mNDMUKNzAp2aK%2BjuR%2F%2BQAy3jNPZMa3WpIuae%2FV7f3mQGYlrUgDlvvyfijts7sr3h4lNmx22YP0qviimqR4BPR8jNrJn5rhbOL8OF89%2FaxnlU5jWdVvh%2BtpfzcHNptZG%2BKIDNCTLuXH2MPzAYBvopohiGyze0ix7B0X%2BFqVWKPse6W8OCyl3tnbvskUea%2Fch94xkzfn7TIWrjrfUb6lXplhITyebMIqX6tW7psav8uLuXQxnct7UJjK6cHmlEh7XHlYVFOF59aGkDLnA7nP0C%2FedF4inH2iStxsFOTBtjqM%2FbH9IPX7syZGcsQXAIe10vzRHlXq5CV7A%3D%3D","name":"projects/restapi-58654/locations/us-central1/functions/randomNumber","entryPoint":"randomNumber","labels":{"deployment-tool":"cli-firebase"},"runtime":"nodejs8","environmentVariables":{"FIREBASE_CONFIG":"{\"projectId\":\"restapi-58654\",\"databaseURL\":\"https://restapi-58654.firebaseio.com\",\"storageBucket\":\"restapi-58654.appspot.com\",\"locationId\":\"us-central\"}"},"httpsTrigger":{}}
[debug] [2020-11-21T14:36:58.961Z] >>> HTTP REQUEST POST https://cloudfunctions.googleapis.com/v1/projects/restapi-58654/locations/us-central1/functions  
 {"sourceUploadUrl":"https://storage.googleapis.com/gcf-upload-us-central1-2ab4dd32-79e1-4d6f-b801-e96b99a0995e/f09b284f-2e90-4cb0-b0a6-30f8b912e57f.zip?GoogleAccessId=service-414665973166@gcf-admin-robot.iam.gserviceaccount.com&Expires=1605971215&Signature=d7dCUKcsgF0mNDMUKNzAp2aK%2BjuR%2F%2BQAy3jNPZMa3WpIuae%2FV7f3mQGYlrUgDlvvyfijts7sr3h4lNmx22YP0qviimqR4BPR8jNrJn5rhbOL8OF89%2FaxnlU5jWdVvh%2BtpfzcHNptZG%2BKIDNCTLuXH2MPzAYBvopohiGyze0ix7B0X%2BFqVWKPse6W8OCyl3tnbvskUea%2Fch94xkzfn7TIWrjrfUb6lXplhITyebMIqX6tW7psav8uLuXQxnct7UJjK6cHmlEh7XHlYVFOF59aGkDLnA7nP0C%2FedF4inH2iStxsFOTBtjqM%2FbH9IPX7syZGcsQXAIe10vzRHlXq5CV7A%3D%3D","name":"projects/restapi-58654/locations/us-central1/functions/totheDojo","entryPoint":"totheDojo","labels":{"deployment-tool":"cli-firebase"},"runtime":"nodejs8","environmentVariables":{"FIREBASE_CONFIG":"{\"projectId\":\"restapi-58654\",\"databaseURL\":\"https://restapi-58654.firebaseio.com\",\"storageBucket\":\"restapi-58654.appspot.com\",\"locationId\":\"us-central\"}"},"httpsTrigger":{}}
[debug] [2020-11-21T14:36:58.962Z] >>> HTTP REQUEST POST https://cloudfunctions.googleapis.com/v1/projects/restapi-58654/locations/us-central1/functions  
 {"sourceUploadUrl":"https://storage.googleapis.com/gcf-upload-us-central1-2ab4dd32-79e1-4d6f-b801-e96b99a0995e/f09b284f-2e90-4cb0-b0a6-30f8b912e57f.zip?GoogleAccessId=service-414665973166@gcf-admin-robot.iam.gserviceaccount.com&Expires=1605971215&Signature=d7dCUKcsgF0mNDMUKNzAp2aK%2BjuR%2F%2BQAy3jNPZMa3WpIuae%2FV7f3mQGYlrUgDlvvyfijts7sr3h4lNmx22YP0qviimqR4BPR8jNrJn5rhbOL8OF89%2FaxnlU5jWdVvh%2BtpfzcHNptZG%2BKIDNCTLuXH2MPzAYBvopohiGyze0ix7B0X%2BFqVWKPse6W8OCyl3tnbvskUea%2Fch94xkzfn7TIWrjrfUb6lXplhITyebMIqX6tW7psav8uLuXQxnct7UJjK6cHmlEh7XHlYVFOF59aGkDLnA7nP0C%2FedF4inH2iStxsFOTBtjqM%2FbH9IPX7syZGcsQXAIe10vzRHlXq5CV7A%3D%3D","name":"projects/restapi-58654/locations/us-central1/functions/sayHello","entryPoint":"sayHello","labels":{"deployment-tool":"cli-firebase","deployment-callable":"true"},"runtime":"nodejs8","environmentVariables":{"FIREBASE_CONFIG":"{\"projectId\":\"restapi-58654\",\"databaseURL\":\"https://restapi-58654.firebaseio.com\",\"storageBucket\":\"restapi-58654.appspot.com\",\"locationId\":\"us-central\"}"},"httpsTrigger":{}}
[debug] [2020-11-21T14:36:58.962Z] >>> HTTP REQUEST POST https://cloudfunctions.googleapis.com/v1/projects/restapi-58654/locations/us-central1/functions  
 {"sourceUploadUrl":"https://storage.googleapis.com/gcf-upload-us-central1-2ab4dd32-79e1-4d6f-b801-e96b99a0995e/f09b284f-2e90-4cb0-b0a6-30f8b912e57f.zip?GoogleAccessId=service-414665973166@gcf-admin-robot.iam.gserviceaccount.com&Expires=1605971215&Signature=d7dCUKcsgF0mNDMUKNzAp2aK%2BjuR%2F%2BQAy3jNPZMa3WpIuae%2FV7f3mQGYlrUgDlvvyfijts7sr3h4lNmx22YP0qviimqR4BPR8jNrJn5rhbOL8OF89%2FaxnlU5jWdVvh%2BtpfzcHNptZG%2BKIDNCTLuXH2MPzAYBvopohiGyze0ix7B0X%2BFqVWKPse6W8OCyl3tnbvskUea%2Fch94xkzfn7TIWrjrfUb6lXplhITyebMIqX6tW7psav8uLuXQxnct7UJjK6cHmlEh7XHlYVFOF59aGkDLnA7nP0C%2FedF4inH2iStxsFOTBtjqM%2FbH9IPX7syZGcsQXAIe10vzRHlXq5CV7A%3D%3D","name":"projects/restapi-58654/locations/us-central1/functions/add","entryPoint":"add","labels":{"deployment-tool":"cli-firebase"},"runtime":"nodejs8","environmentVariables":{"FIREBASE_CONFIG":"{\"projectId\":\"restapi-58654\",\"databaseURL\":\"https://restapi-58654.firebaseio.com\",\"storageBucket\":\"restapi-58654.appspot.com\",\"locationId\":\"us-central\"}"},"httpsTrigger":{}}
[debug] [2020-11-21T14:36:58.962Z] >>> HTTP REQUEST DELETE https://cloudfunctions.googleapis.com/v1/projects/restapi-58654/locations/us-central1/functions/user  
 
[debug] [2020-11-21T14:36:59.665Z] <<< HTTP RESPONSE 200 {"content-type":"application/json; charset=UTF-8","vary":"X-Origin, Referer, Origin,Accept-Encoding","date":"Sat, 21 Nov 2020 14:36:59 GMT","server":"ESF","cache-control":"private","x-xss-protection":"0","x-frame-options":"SAMEORIGIN","x-content-type-options":"nosniff","alt-svc":"h3-29=\":443\"; ma=2592000,h3-T051=\":443\"; ma=2592000,h3-Q050=\":443\"; ma=2592000,h3-Q046=\":443\"; ma=2592000,h3-Q043=\":443\"; ma=2592000,quic=\":443\"; ma=2592000; v=\"46,43\"","accept-ranges":"none","transfer-encoding":"chunked"}
[debug] [2020-11-21T14:37:00.100Z] <<< HTTP RESPONSE 200 {"content-type":"application/json; charset=UTF-8","vary":"X-Origin, Referer, Origin,Accept-Encoding","date":"Sat, 21 Nov 2020 14:37:00 GMT","server":"ESF","cache-control":"private","x-xss-protection":"0","x-frame-options":"SAMEORIGIN","x-content-type-options":"nosniff","alt-svc":"h3-29=\":443\"; ma=2592000,h3-T051=\":443\"; ma=2592000,h3-Q050=\":443\"; ma=2592000,h3-Q046=\":443\"; ma=2592000,h3-Q043=\":443\"; ma=2592000,quic=\":443\"; ma=2592000; v=\"46,43\"","accept-ranges":"none","transfer-encoding":"chunked"}
[debug] [2020-11-21T14:37:00.101Z] Setting public policy for function totheDojo
[debug] [2020-11-21T14:37:00.101Z] >>> HTTP REQUEST POST https://cloudfunctions.googleapis.com/v1/projects/restapi-58654/locations/us-central1/functions/totheDojo:setIamPolicy  
 {"policy":{"version":3,"bindings":[{"role":"roles/cloudfunctions.invoker","members":["allUsers"]}]},"updateMask":"version,bindings"}
[debug] [2020-11-21T14:37:00.141Z] <<< HTTP RESPONSE 200 {"content-type":"application/json; charset=UTF-8","vary":"X-Origin, Referer, Origin,Accept-Encoding","date":"Sat, 21 Nov 2020 14:37:00 GMT","server":"ESF","cache-control":"private","x-xss-protection":"0","x-frame-options":"SAMEORIGIN","x-content-type-options":"nosniff","alt-svc":"h3-29=\":443\"; ma=2592000,h3-T051=\":443\"; ma=2592000,h3-Q050=\":443\"; ma=2592000,h3-Q046=\":443\"; ma=2592000,h3-Q043=\":443\"; ma=2592000,quic=\":443\"; ma=2592000; v=\"46,43\"","accept-ranges":"none","transfer-encoding":"chunked"}
[debug] [2020-11-21T14:37:00.141Z] Setting public policy for function randomNumber
[debug] [2020-11-21T14:37:00.142Z] >>> HTTP REQUEST POST https://cloudfunctions.googleapis.com/v1/projects/restapi-58654/locations/us-central1/functions/randomNumber:setIamPolicy  
 {"policy":{"version":3,"bindings":[{"role":"roles/cloudfunctions.invoker","members":["allUsers"]}]},"updateMask":"version,bindings"}
[debug] [2020-11-21T14:37:00.206Z] <<< HTTP RESPONSE 200 {"content-type":"application/json; charset=UTF-8","vary":"X-Origin, Referer, Origin,Accept-Encoding","date":"Sat, 21 Nov 2020 14:37:00 GMT","server":"ESF","cache-control":"private","x-xss-protection":"0","x-frame-options":"SAMEORIGIN","x-content-type-options":"nosniff","alt-svc":"h3-29=\":443\"; ma=2592000,h3-T051=\":443\"; ma=2592000,h3-Q050=\":443\"; ma=2592000,h3-Q046=\":443\"; ma=2592000,h3-Q043=\":443\"; ma=2592000,quic=\":443\"; ma=2592000; v=\"46,43\"","accept-ranges":"none","transfer-encoding":"chunked"}
[debug] [2020-11-21T14:37:00.206Z] Setting public policy for function add
[debug] [2020-11-21T14:37:00.206Z] >>> HTTP REQUEST POST https://cloudfunctions.googleapis.com/v1/projects/restapi-58654/locations/us-central1/functions/add:setIamPolicy  
 {"policy":{"version":3,"bindings":[{"role":"roles/cloudfunctions.invoker","members":["allUsers"]}]},"updateMask":"version,bindings"}
[debug] [2020-11-21T14:37:00.329Z] <<< HTTP RESPONSE 200 {"content-type":"application/json; charset=UTF-8","vary":"X-Origin, Referer, Origin,Accept-Encoding","date":"Sat, 21 Nov 2020 14:37:00 GMT","server":"ESF","cache-control":"private","x-xss-protection":"0","x-frame-options":"SAMEORIGIN","x-content-type-options":"nosniff","alt-svc":"h3-29=\":443\"; ma=2592000,h3-T051=\":443\"; ma=2592000,h3-Q050=\":443\"; ma=2592000,h3-Q046=\":443\"; ma=2592000,h3-Q043=\":443\"; ma=2592000,quic=\":443\"; ma=2592000; v=\"46,43\"","accept-ranges":"none","transfer-encoding":"chunked"}
[debug] [2020-11-21T14:37:00.329Z] Setting public policy for function sayHello
[debug] [2020-11-21T14:37:00.330Z] >>> HTTP REQUEST POST https://cloudfunctions.googleapis.com/v1/projects/restapi-58654/locations/us-central1/functions/sayHello:setIamPolicy  
 {"policy":{"version":3,"bindings":[{"role":"roles/cloudfunctions.invoker","members":["allUsers"]}]},"updateMask":"version,bindings"}
[debug] [2020-11-21T14:37:00.614Z] <<< HTTP RESPONSE 200 {"content-type":"application/json; charset=UTF-8","vary":"X-Origin, Referer, Origin,Accept-Encoding","date":"Sat, 21 Nov 2020 14:37:00 GMT","server":"ESF","cache-control":"private","x-xss-protection":"0","x-frame-options":"SAMEORIGIN","x-content-type-options":"nosniff","alt-svc":"h3-29=\":443\"; ma=2592000,h3-T051=\":443\"; ma=2592000,h3-Q050=\":443\"; ma=2592000,h3-Q046=\":443\"; ma=2592000,h3-Q043=\":443\"; ma=2592000,quic=\":443\"; ma=2592000; v=\"46,43\"","accept-ranges":"none","transfer-encoding":"chunked"}
[debug] [2020-11-21T14:37:00.711Z] <<< HTTP RESPONSE 200 {"content-type":"application/json; charset=UTF-8","vary":"X-Origin, Referer, Origin,Accept-Encoding","date":"Sat, 21 Nov 2020 14:37:00 GMT","server":"ESF","cache-control":"private","x-xss-protection":"0","x-frame-options":"SAMEORIGIN","x-content-type-options":"nosniff","alt-svc":"h3-29=\":443\"; ma=2592000,h3-T051=\":443\"; ma=2592000,h3-Q050=\":443\"; ma=2592000,h3-Q046=\":443\"; ma=2592000,h3-Q043=\":443\"; ma=2592000,quic=\":443\"; ma=2592000; v=\"46,43\"","accept-ranges":"none","transfer-encoding":"chunked"}
[debug] [2020-11-21T14:37:00.823Z] <<< HTTP RESPONSE 200 {"content-type":"application/json; charset=UTF-8","vary":"X-Origin, Referer, Origin,Accept-Encoding","date":"Sat, 21 Nov 2020 14:37:01 GMT","server":"ESF","cache-control":"private","x-xss-protection":"0","x-frame-options":"SAMEORIGIN","x-content-type-options":"nosniff","alt-svc":"h3-29=\":443\"; ma=2592000,h3-T051=\":443\"; ma=2592000,h3-Q050=\":443\"; ma=2592000,h3-Q046=\":443\"; ma=2592000,h3-Q043=\":443\"; ma=2592000,quic=\":443\"; ma=2592000; v=\"46,43\"","accept-ranges":"none","transfer-encoding":"chunked"}
[debug] [2020-11-21T14:37:00.968Z] <<< HTTP RESPONSE 200 {"content-type":"application/json; charset=UTF-8","vary":"X-Origin, Referer, Origin,Accept-Encoding","date":"Sat, 21 Nov 2020 14:37:01 GMT","server":"ESF","cache-control":"private","x-xss-protection":"0","x-frame-options":"SAMEORIGIN","x-content-type-options":"nosniff","alt-svc":"h3-29=\":443\"; ma=2592000,h3-T051=\":443\"; ma=2592000,h3-Q050=\":443\"; ma=2592000,h3-Q046=\":443\"; ma=2592000,h3-Q043=\":443\"; ma=2592000,quic=\":443\"; ma=2592000; v=\"46,43\"","accept-ranges":"none","transfer-encoding":"chunked"}
[debug] [2020-11-21T14:37:00.969Z] >>> HTTP REQUEST GET https://cloudfunctions.googleapis.com/v1/projects/restapi-58654/locations/-/functions  
 
[debug] [2020-11-21T14:37:01.538Z] <<< HTTP RESPONSE 200 {"content-type":"application/json; charset=UTF-8","vary":"X-Origin, Referer, Origin,Accept-Encoding","date":"Sat, 21 Nov 2020 14:37:01 GMT","server":"ESF","cache-control":"private","x-xss-protection":"0","x-frame-options":"SAMEORIGIN","x-content-type-options":"nosniff","alt-svc":"h3-29=\":443\"; ma=2592000,h3-T051=\":443\"; ma=2592000,h3-Q050=\":443\"; ma=2592000,h3-Q046=\":443\"; ma=2592000,h3-Q043=\":443\"; ma=2592000,quic=\":443\"; ma=2592000; v=\"46,43\"","accept-ranges":"none","transfer-encoding":"chunked"}
[debug] [2020-11-21T14:37:01.539Z] >>> HTTP REQUEST GET https://cloudfunctions.googleapis.com/v1/operations/cmVzdGFwaS01ODY1NC91cy1jZW50cmFsMS9yYW5kb21OdW1iZXIvMmlFRU9aT1B0V2M  
 
[debug] [2020-11-21T14:37:01.540Z] >>> HTTP REQUEST GET https://cloudfunctions.googleapis.com/v1/operations/cmVzdGFwaS01ODY1NC91cy1jZW50cmFsMS90b3RoZURvam8vbHllMVpwN3NjZ3M  
 
[debug] [2020-11-21T14:37:01.540Z] >>> HTTP REQUEST GET https://cloudfunctions.googleapis.com/v1/operations/cmVzdGFwaS01ODY1NC91cy1jZW50cmFsMS9zYXlIZWxsby9KSE40cVVWTTZzUQ  
 
[debug] [2020-11-21T14:37:01.540Z] >>> HTTP REQUEST GET https://cloudfunctions.googleapis.com/v1/operations/cmVzdGFwaS01ODY1NC91cy1jZW50cmFsMS9hZGQvbnhkeXJtSVAwRnM  
 
[debug] [2020-11-21T14:37:01.540Z] >>> HTTP REQUEST GET https://cloudfunctions.googleapis.com/v1/operations/cmVzdGFwaS01ODY1NC91cy1jZW50cmFsMS91c2VyL1BIdGhndnhES2I4  
 
[debug] [2020-11-21T14:37:01.942Z] <<< HTTP RESPONSE 200 {"content-type":"application/json; charset=UTF-8","vary":"X-Origin, Referer, Origin,Accept-Encoding","date":"Sat, 21 Nov 2020 14:37:02 GMT","server":"ESF","cache-control":"private","x-xss-protection":"0","x-frame-options":"SAMEORIGIN","x-content-type-options":"nosniff","alt-svc":"h3-29=\":443\"; ma=2592000,h3-T051=\":443\"; ma=2592000,h3-Q050=\":443\"; ma=2592000,h3-Q046=\":443\"; ma=2592000,h3-Q043=\":443\"; ma=2592000,quic=\":443\"; ma=2592000; v=\"46,43\"","accept-ranges":"none","transfer-encoding":"chunked"}
[debug] [2020-11-21T14:37:01.956Z] <<< HTTP RESPONSE 200 {"content-type":"application/json; charset=UTF-8","vary":"X-Origin, Referer, Origin,Accept-Encoding","date":"Sat, 21 Nov 2020 14:37:02 GMT","server":"ESF","cache-control":"private","x-xss-protection":"0","x-frame-options":"SAMEORIGIN","x-content-type-options":"nosniff","alt-svc":"h3-29=\":443\"; ma=2592000,h3-T051=\":443\"; ma=2592000,h3-Q050=\":443\"; ma=2592000,h3-Q046=\":443\"; ma=2592000,h3-Q043=\":443\"; ma=2592000,quic=\":443\"; ma=2592000; v=\"46,43\"","accept-ranges":"none","transfer-encoding":"chunked"}
[debug] [2020-11-21T14:37:01.962Z] <<< HTTP RESPONSE 200 {"content-type":"application/json; charset=UTF-8","vary":"X-Origin, Referer, Origin,Accept-Encoding","date":"Sat, 21 Nov 2020 14:37:02 GMT","server":"ESF","cache-control":"private","x-xss-protection":"0","x-frame-options":"SAMEORIGIN","x-content-type-options":"nosniff","alt-svc":"h3-29=\":443\"; ma=2592000,h3-T051=\":443\"; ma=2592000,h3-Q050=\":443\"; ma=2592000,h3-Q046=\":443\"; ma=2592000,h3-Q043=\":443\"; ma=2592000,quic=\":443\"; ma=2592000; v=\"46,43\"","accept-ranges":"none","transfer-encoding":"chunked"}
[debug] [2020-11-21T14:37:01.986Z] <<< HTTP RESPONSE 200 {"content-type":"application/json; charset=UTF-8","vary":"X-Origin, Referer, Origin,Accept-Encoding","date":"Sat, 21 Nov 2020 14:37:02 GMT","server":"ESF","cache-control":"private","x-xss-protection":"0","x-frame-options":"SAMEORIGIN","x-content-type-options":"nosniff","alt-svc":"h3-29=\":443\"; ma=2592000,h3-T051=\":443\"; ma=2592000,h3-Q050=\":443\"; ma=2592000,h3-Q046=\":443\"; ma=2592000,h3-Q043=\":443\"; ma=2592000,quic=\":443\"; ma=2592000; v=\"46,43\"","accept-ranges":"none","transfer-encoding":"chunked"}
[debug] [2020-11-21T14:37:02.006Z] <<< HTTP RESPONSE 200 {"content-type":"application/json; charset=UTF-8","vary":"X-Origin, Referer, Origin,Accept-Encoding","date":"Sat, 21 Nov 2020 14:37:02 GMT","server":"ESF","cache-control":"private","x-xss-protection":"0","x-frame-options":"SAMEORIGIN","x-content-type-options":"nosniff","alt-svc":"h3-29=\":443\"; ma=2592000,h3-T051=\":443\"; ma=2592000,h3-Q050=\":443\"; ma=2592000,h3-Q046=\":443\"; ma=2592000,h3-Q043=\":443\"; ma=2592000,quic=\":443\"; ma=2592000; v=\"46,43\"","accept-ranges":"none","transfer-encoding":"chunked"}
[debug] [2020-11-21T14:37:03.957Z] >>> HTTP REQUEST GET https://cloudfunctions.googleapis.com/v1/operations/cmVzdGFwaS01ODY1NC91cy1jZW50cmFsMS90b3RoZURvam8vbHllMVpwN3NjZ3M  
 
[debug] [2020-11-21T14:37:03.961Z] >>> HTTP REQUEST GET https://cloudfunctions.googleapis.com/v1/operations/cmVzdGFwaS01ODY1NC91cy1jZW50cmFsMS91c2VyL1BIdGhndnhES2I4  
 
[debug] [2020-11-21T14:37:03.962Z] >>> HTTP REQUEST GET https://cloudfunctions.googleapis.com/v1/operations/cmVzdGFwaS01ODY1NC91cy1jZW50cmFsMS9hZGQvbnhkeXJtSVAwRnM  
 
[debug] [2020-11-21T14:37:03.992Z] >>> HTTP REQUEST GET https://cloudfunctions.googleapis.com/v1/operations/cmVzdGFwaS01ODY1NC91cy1jZW50cmFsMS9yYW5kb21OdW1iZXIvMmlFRU9aT1B0V2M  
 
[debug] [2020-11-21T14:37:04.017Z] >>> HTTP REQUEST GET https://cloudfunctions.googleapis.com/v1/operations/cmVzdGFwaS01ODY1NC91cy1jZW50cmFsMS9zYXlIZWxsby9KSE40cVVWTTZzUQ  
 
[debug] [2020-11-21T14:37:04.338Z] <<< HTTP RESPONSE 200 {"content-type":"application/json; charset=UTF-8","vary":"X-Origin, Referer, Origin,Accept-Encoding","date":"Sat, 21 Nov 2020 14:37:04 GMT","server":"ESF","cache-control":"private","x-xss-protection":"0","x-frame-options":"SAMEORIGIN","x-content-type-options":"nosniff","alt-svc":"h3-29=\":443\"; ma=2592000,h3-T051=\":443\"; ma=2592000,h3-Q050=\":443\"; ma=2592000,h3-Q046=\":443\"; ma=2592000,h3-Q043=\":443\"; ma=2592000,quic=\":443\"; ma=2592000; v=\"46,43\"","accept-ranges":"none","transfer-encoding":"chunked"}
[debug] [2020-11-21T14:37:04.345Z] <<< HTTP RESPONSE 200 {"content-type":"application/json; charset=UTF-8","vary":"X-Origin, Referer, Origin,Accept-Encoding","date":"Sat, 21 Nov 2020 14:37:04 GMT","server":"ESF","cache-control":"private","x-xss-protection":"0","x-frame-options":"SAMEORIGIN","x-content-type-options":"nosniff","alt-svc":"h3-29=\":443\"; ma=2592000,h3-T051=\":443\"; ma=2592000,h3-Q050=\":443\"; ma=2592000,h3-Q046=\":443\"; ma=2592000,h3-Q043=\":443\"; ma=2592000,quic=\":443\"; ma=2592000; v=\"46,43\"","accept-ranges":"none","transfer-encoding":"chunked"}
[info] +  functions[user(us-central1)]: Successful delete operation.  
[debug] [2020-11-21T14:37:04.357Z] <<< HTTP RESPONSE 200 {"content-type":"application/json; charset=UTF-8","vary":"X-Origin, Referer, Origin,Accept-Encoding","date":"Sat, 21 Nov 2020 14:37:04 GMT","server":"ESF","cache-control":"private","x-xss-protection":"0","x-frame-options":"SAMEORIGIN","x-content-type-options":"nosniff","alt-svc":"h3-29=\":443\"; ma=2592000,h3-T051=\":443\"; ma=2592000,h3-Q050=\":443\"; ma=2592000,h3-Q046=\":443\"; ma=2592000,h3-Q043=\":443\"; ma=2592000,quic=\":443\"; ma=2592000; v=\"46,43\"","accept-ranges":"none","transfer-encoding":"chunked"}
[debug] [2020-11-21T14:37:04.389Z] <<< HTTP RESPONSE 200 {"content-type":"application/json; charset=UTF-8","vary":"X-Origin, Referer, Origin,Accept-Encoding","date":"Sat, 21 Nov 2020 14:37:04 GMT","server":"ESF","cache-control":"private","x-xss-protection":"0","x-frame-options":"SAMEORIGIN","x-content-type-options":"nosniff","alt-svc":"h3-29=\":443\"; ma=2592000,h3-T051=\":443\"; ma=2592000,h3-Q050=\":443\"; ma=2592000,h3-Q046=\":443\"; ma=2592000,h3-Q043=\":443\"; ma=2592000,quic=\":443\"; ma=2592000; v=\"46,43\"","accept-ranges":"none","transfer-encoding":"chunked"}
[debug] [2020-11-21T14:37:04.422Z] <<< HTTP RESPONSE 200 {"content-type":"application/json; charset=UTF-8","vary":"X-Origin, Referer, Origin,Accept-Encoding","date":"Sat, 21 Nov 2020 14:37:04 GMT","server":"ESF","cache-control":"private","x-xss-protection":"0","x-frame-options":"SAMEORIGIN","x-content-type-options":"nosniff","alt-svc":"h3-29=\":443\"; ma=2592000,h3-T051=\":443\"; ma=2592000,h3-Q050=\":443\"; ma=2592000,h3-Q046=\":443\"; ma=2592000,h3-Q043=\":443\"; ma=2592000,quic=\":443\"; ma=2592000; v=\"46,43\"","accept-ranges":"none","transfer-encoding":"chunked"}
[debug] [2020-11-21T14:37:06.347Z] >>> HTTP REQUEST GET https://cloudfunctions.googleapis.com/v1/operations/cmVzdGFwaS01ODY1NC91cy1jZW50cmFsMS90b3RoZURvam8vbHllMVpwN3NjZ3M  
 
[debug] [2020-11-21T14:37:06.363Z] >>> HTTP REQUEST GET https://cloudfunctions.googleapis.com/v1/operations/cmVzdGFwaS01ODY1NC91cy1jZW50cmFsMS9hZGQvbnhkeXJtSVAwRnM  
 
[debug] [2020-11-21T14:37:06.395Z] >>> HTTP REQUEST GET https://cloudfunctions.googleapis.com/v1/operations/cmVzdGFwaS01ODY1NC91cy1jZW50cmFsMS9zYXlIZWxsby9KSE40cVVWTTZzUQ  
 
[debug] [2020-11-21T14:37:06.427Z] >>> HTTP REQUEST GET https://cloudfunctions.googleapis.com/v1/operations/cmVzdGFwaS01ODY1NC91cy1jZW50cmFsMS9yYW5kb21OdW1iZXIvMmlFRU9aT1B0V2M  
 
[debug] [2020-11-21T14:37:06.750Z] <<< HTTP RESPONSE 200 {"content-type":"application/json; charset=UTF-8","vary":"X-Origin, Referer, Origin,Accept-Encoding","date":"Sat, 21 Nov 2020 14:37:07 GMT","server":"ESF","cache-control":"private","x-xss-protection":"0","x-frame-options":"SAMEORIGIN","x-content-type-options":"nosniff","alt-svc":"h3-29=\":443\"; ma=2592000,h3-T051=\":443\"; ma=2592000,h3-Q050=\":443\"; ma=2592000,h3-Q046=\":443\"; ma=2592000,h3-Q043=\":443\"; ma=2592000,quic=\":443\"; ma=2592000; v=\"46,43\"","accept-ranges":"none","transfer-encoding":"chunked"}
[debug] [2020-11-21T14:37:06.752Z] <<< HTTP RESPONSE 200 {"content-type":"application/json; charset=UTF-8","vary":"X-Origin, Referer, Origin,Accept-Encoding","date":"Sat, 21 Nov 2020 14:37:07 GMT","server":"ESF","cache-control":"private","x-xss-protection":"0","x-frame-options":"SAMEORIGIN","x-content-type-options":"nosniff","alt-svc":"h3-29=\":443\"; ma=2592000,h3-T051=\":443\"; ma=2592000,h3-Q050=\":443\"; ma=2592000,h3-Q046=\":443\"; ma=2592000,h3-Q043=\":443\"; ma=2592000,quic=\":443\"; ma=2592000; v=\"46,43\"","accept-ranges":"none","transfer-encoding":"chunked"}
[debug] [2020-11-21T14:37:06.798Z] <<< HTTP RESPONSE 200 {"content-type":"application/json; charset=UTF-8","vary":"X-Origin, Referer, Origin,Accept-Encoding","date":"Sat, 21 Nov 2020 14:37:07 GMT","server":"ESF","cache-control":"private","x-xss-protection":"0","x-frame-options":"SAMEORIGIN","x-content-type-options":"nosniff","alt-svc":"h3-29=\":443\"; ma=2592000,h3-T051=\":443\"; ma=2592000,h3-Q050=\":443\"; ma=2592000,h3-Q046=\":443\"; ma=2592000,h3-Q043=\":443\"; ma=2592000,quic=\":443\"; ma=2592000; v=\"46,43\"","accept-ranges":"none","transfer-encoding":"chunked"}
[debug] [2020-11-21T14:37:06.817Z] <<< HTTP RESPONSE 200 {"content-type":"application/json; charset=UTF-8","vary":"X-Origin, Referer, Origin,Accept-Encoding","date":"Sat, 21 Nov 2020 14:37:07 GMT","server":"ESF","cache-control":"private","x-xss-protection":"0","x-frame-options":"SAMEORIGIN","x-content-type-options":"nosniff","alt-svc":"h3-29=\":443\"; ma=2592000,h3-T051=\":443\"; ma=2592000,h3-Q050=\":443\"; ma=2592000,h3-Q046=\":443\"; ma=2592000,h3-Q043=\":443\"; ma=2592000,quic=\":443\"; ma=2592000; v=\"46,43\"","accept-ranges":"none","transfer-encoding":"chunked"}
[debug] [2020-11-21T14:37:08.759Z] >>> HTTP REQUEST GET https://cloudfunctions.googleapis.com/v1/operations/cmVzdGFwaS01ODY1NC91cy1jZW50cmFsMS90b3RoZURvam8vbHllMVpwN3NjZ3M  
 
[debug] [2020-11-21T14:37:08.760Z] >>> HTTP REQUEST GET https://cloudfunctions.googleapis.com/v1/operations/cmVzdGFwaS01ODY1NC91cy1jZW50cmFsMS9hZGQvbnhkeXJtSVAwRnM  
 
[debug] [2020-11-21T14:37:08.807Z] >>> HTTP REQUEST GET https://cloudfunctions.googleapis.com/v1/operations/cmVzdGFwaS01ODY1NC91cy1jZW50cmFsMS9zYXlIZWxsby9KSE40cVVWTTZzUQ  
 
[debug] [2020-11-21T14:37:08.820Z] >>> HTTP REQUEST GET https://cloudfunctions.googleapis.com/v1/operations/cmVzdGFwaS01ODY1NC91cy1jZW50cmFsMS9yYW5kb21OdW1iZXIvMmlFRU9aT1B0V2M  
 
[debug] [2020-11-21T14:37:09.146Z] <<< HTTP RESPONSE 200 {"content-type":"application/json; charset=UTF-8","vary":"X-Origin, Referer, Origin,Accept-Encoding","date":"Sat, 21 Nov 2020 14:37:09 GMT","server":"ESF","cache-control":"private","x-xss-protection":"0","x-frame-options":"SAMEORIGIN","x-content-type-options":"nosniff","alt-svc":"h3-29=\":443\"; ma=2592000,h3-T051=\":443\"; ma=2592000,h3-Q050=\":443\"; ma=2592000,h3-Q046=\":443\"; ma=2592000,h3-Q043=\":443\"; ma=2592000,quic=\":443\"; ma=2592000; v=\"46,43\"","accept-ranges":"none","transfer-encoding":"chunked"}
[debug] [2020-11-21T14:37:09.193Z] <<< HTTP RESPONSE 200 {"content-type":"application/json; charset=UTF-8","vary":"X-Origin, Referer, Origin,Accept-Encoding","date":"Sat, 21 Nov 2020 14:37:09 GMT","server":"ESF","cache-control":"private","x-xss-protection":"0","x-frame-options":"SAMEORIGIN","x-content-type-options":"nosniff","alt-svc":"h3-29=\":443\"; ma=2592000,h3-T051=\":443\"; ma=2592000,h3-Q050=\":443\"; ma=2592000,h3-Q046=\":443\"; ma=2592000,h3-Q043=\":443\"; ma=2592000,quic=\":443\"; ma=2592000; v=\"46,43\"","accept-ranges":"none","transfer-encoding":"chunked"}
[debug] [2020-11-21T14:37:09.211Z] <<< HTTP RESPONSE 200 {"content-type":"application/json; charset=UTF-8","vary":"X-Origin, Referer, Origin,Accept-Encoding","date":"Sat, 21 Nov 2020 14:37:09 GMT","server":"ESF","cache-control":"private","x-xss-protection":"0","x-frame-options":"SAMEORIGIN","x-content-type-options":"nosniff","alt-svc":"h3-29=\":443\"; ma=2592000,h3-T051=\":443\"; ma=2592000,h3-Q050=\":443\"; ma=2592000,h3-Q046=\":443\"; ma=2592000,h3-Q043=\":443\"; ma=2592000,quic=\":443\"; ma=2592000; v=\"46,43\"","accept-ranges":"none","transfer-encoding":"chunked"}
[debug] [2020-11-21T14:37:09.219Z] <<< HTTP RESPONSE 200 {"content-type":"application/json; charset=UTF-8","vary":"X-Origin, Referer, Origin,Accept-Encoding","date":"Sat, 21 Nov 2020 14:37:09 GMT","server":"ESF","cache-control":"private","x-xss-protection":"0","x-frame-options":"SAMEORIGIN","x-content-type-options":"nosniff","alt-svc":"h3-29=\":443\"; ma=2592000,h3-T051=\":443\"; ma=2592000,h3-Q050=\":443\"; ma=2592000,h3-Q046=\":443\"; ma=2592000,h3-Q043=\":443\"; ma=2592000,quic=\":443\"; ma=2592000; v=\"46,43\"","accept-ranges":"none","transfer-encoding":"chunked"}
[debug] [2020-11-21T14:37:11.152Z] >>> HTTP REQUEST GET https://cloudfunctions.googleapis.com/v1/operations/cmVzdGFwaS01ODY1NC91cy1jZW50cmFsMS9hZGQvbnhkeXJtSVAwRnM  
 
[debug] [2020-11-21T14:37:11.198Z] >>> HTTP REQUEST GET https://cloudfunctions.googleapis.com/v1/operations/cmVzdGFwaS01ODY1NC91cy1jZW50cmFsMS90b3RoZURvam8vbHllMVpwN3NjZ3M  
 
[debug] [2020-11-21T14:37:11.214Z] >>> HTTP REQUEST GET https://cloudfunctions.googleapis.com/v1/operations/cmVzdGFwaS01ODY1NC91cy1jZW50cmFsMS9zYXlIZWxsby9KSE40cVVWTTZzUQ  
 
[debug] [2020-11-21T14:37:11.233Z] >>> HTTP REQUEST GET https://cloudfunctions.googleapis.com/v1/operations/cmVzdGFwaS01ODY1NC91cy1jZW50cmFsMS9yYW5kb21OdW1iZXIvMmlFRU9aT1B0V2M  
 
[debug] [2020-11-21T14:37:11.572Z] <<< HTTP RESPONSE 200 {"content-type":"application/json; charset=UTF-8","vary":"X-Origin, Referer, Origin,Accept-Encoding","date":"Sat, 21 Nov 2020 14:37:11 GMT","server":"ESF","cache-control":"private","x-xss-protection":"0","x-frame-options":"SAMEORIGIN","x-content-type-options":"nosniff","alt-svc":"h3-29=\":443\"; ma=2592000,h3-T051=\":443\"; ma=2592000,h3-Q050=\":443\"; ma=2592000,h3-Q046=\":443\"; ma=2592000,h3-Q043=\":443\"; ma=2592000,quic=\":443\"; ma=2592000; v=\"46,43\"","accept-ranges":"none","transfer-encoding":"chunked"}
[debug] [2020-11-21T14:37:11.603Z] <<< HTTP RESPONSE 200 {"content-type":"application/json; charset=UTF-8","vary":"X-Origin, Referer, Origin,Accept-Encoding","date":"Sat, 21 Nov 2020 14:37:11 GMT","server":"ESF","cache-control":"private","x-xss-protection":"0","x-frame-options":"SAMEORIGIN","x-content-type-options":"nosniff","alt-svc":"h3-29=\":443\"; ma=2592000,h3-T051=\":443\"; ma=2592000,h3-Q050=\":443\"; ma=2592000,h3-Q046=\":443\"; ma=2592000,h3-Q043=\":443\"; ma=2592000,quic=\":443\"; ma=2592000; v=\"46,43\"","accept-ranges":"none","transfer-encoding":"chunked"}
[debug] [2020-11-21T14:37:11.616Z] <<< HTTP RESPONSE 200 {"content-type":"application/json; charset=UTF-8","vary":"X-Origin, Referer, Origin,Accept-Encoding","date":"Sat, 21 Nov 2020 14:37:11 GMT","server":"ESF","cache-control":"private","x-xss-protection":"0","x-frame-options":"SAMEORIGIN","x-content-type-options":"nosniff","alt-svc":"h3-29=\":443\"; ma=2592000,h3-T051=\":443\"; ma=2592000,h3-Q050=\":443\"; ma=2592000,h3-Q046=\":443\"; ma=2592000,h3-Q043=\":443\"; ma=2592000,quic=\":443\"; ma=2592000; v=\"46,43\"","accept-ranges":"none","transfer-encoding":"chunked"}
[debug] [2020-11-21T14:37:11.694Z] <<< HTTP RESPONSE 200 {"content-type":"application/json; charset=UTF-8","vary":"X-Origin, Referer, Origin,Accept-Encoding","date":"Sat, 21 Nov 2020 14:37:11 GMT","server":"ESF","cache-control":"private","x-xss-protection":"0","x-frame-options":"SAMEORIGIN","x-content-type-options":"nosniff","alt-svc":"h3-29=\":443\"; ma=2592000,h3-T051=\":443\"; ma=2592000,h3-Q050=\":443\"; ma=2592000,h3-Q046=\":443\"; ma=2592000,h3-Q043=\":443\"; ma=2592000,quic=\":443\"; ma=2592000; v=\"46,43\"","accept-ranges":"none","transfer-encoding":"chunked"}
[debug] [2020-11-21T14:37:13.579Z] >>> HTTP REQUEST GET https://cloudfunctions.googleapis.com/v1/operations/cmVzdGFwaS01ODY1NC91cy1jZW50cmFsMS9hZGQvbnhkeXJtSVAwRnM  
 
[debug] [2020-11-21T14:37:13.605Z] >>> HTTP REQUEST GET https://cloudfunctions.googleapis.com/v1/operations/cmVzdGFwaS01ODY1NC91cy1jZW50cmFsMS90b3RoZURvam8vbHllMVpwN3NjZ3M  
 
[debug] [2020-11-21T14:37:13.627Z] >>> HTTP REQUEST GET https://cloudfunctions.googleapis.com/v1/operations/cmVzdGFwaS01ODY1NC91cy1jZW50cmFsMS9zYXlIZWxsby9KSE40cVVWTTZzUQ  
 
[debug] [2020-11-21T14:37:13.708Z] >>> HTTP REQUEST GET https://cloudfunctions.googleapis.com/v1/operations/cmVzdGFwaS01ODY1NC91cy1jZW50cmFsMS9yYW5kb21OdW1iZXIvMmlFRU9aT1B0V2M  
 
[debug] [2020-11-21T14:37:13.961Z] <<< HTTP RESPONSE 200 {"content-type":"application/json; charset=UTF-8","vary":"X-Origin, Referer, Origin,Accept-Encoding","date":"Sat, 21 Nov 2020 14:37:14 GMT","server":"ESF","cache-control":"private","x-xss-protection":"0","x-frame-options":"SAMEORIGIN","x-content-type-options":"nosniff","alt-svc":"h3-29=\":443\"; ma=2592000,h3-T051=\":443\"; ma=2592000,h3-Q050=\":443\"; ma=2592000,h3-Q046=\":443\"; ma=2592000,h3-Q043=\":443\"; ma=2592000,quic=\":443\"; ma=2592000; v=\"46,43\"","accept-ranges":"none","transfer-encoding":"chunked"}
[debug] [2020-11-21T14:37:14.012Z] <<< HTTP RESPONSE 200 {"content-type":"application/json; charset=UTF-8","vary":"X-Origin, Referer, Origin,Accept-Encoding","date":"Sat, 21 Nov 2020 14:37:14 GMT","server":"ESF","cache-control":"private","x-xss-protection":"0","x-frame-options":"SAMEORIGIN","x-content-type-options":"nosniff","alt-svc":"h3-29=\":443\"; ma=2592000,h3-T051=\":443\"; ma=2592000,h3-Q050=\":443\"; ma=2592000,h3-Q046=\":443\"; ma=2592000,h3-Q043=\":443\"; ma=2592000,quic=\":443\"; ma=2592000; v=\"46,43\"","accept-ranges":"none","transfer-encoding":"chunked"}
[debug] [2020-11-21T14:37:14.017Z] <<< HTTP RESPONSE 200 {"content-type":"application/json; charset=UTF-8","vary":"X-Origin, Referer, Origin,Accept-Encoding","date":"Sat, 21 Nov 2020 14:37:14 GMT","server":"ESF","cache-control":"private","x-xss-protection":"0","x-frame-options":"SAMEORIGIN","x-content-type-options":"nosniff","alt-svc":"h3-29=\":443\"; ma=2592000,h3-T051=\":443\"; ma=2592000,h3-Q050=\":443\"; ma=2592000,h3-Q046=\":443\"; ma=2592000,h3-Q043=\":443\"; ma=2592000,quic=\":443\"; ma=2592000; v=\"46,43\"","accept-ranges":"none","transfer-encoding":"chunked"}
[debug] [2020-11-21T14:37:14.090Z] <<< HTTP RESPONSE 200 {"content-type":"application/json; charset=UTF-8","vary":"X-Origin, Referer, Origin,Accept-Encoding","date":"Sat, 21 Nov 2020 14:37:14 GMT","server":"ESF","cache-control":"private","x-xss-protection":"0","x-frame-options":"SAMEORIGIN","x-content-type-options":"nosniff","alt-svc":"h3-29=\":443\"; ma=2592000,h3-T051=\":443\"; ma=2592000,h3-Q050=\":443\"; ma=2592000,h3-Q046=\":443\"; ma=2592000,h3-Q043=\":443\"; ma=2592000,quic=\":443\"; ma=2592000; v=\"46,43\"","accept-ranges":"none","transfer-encoding":"chunked"}
[debug] [2020-11-21T14:37:15.971Z] >>> HTTP REQUEST GET https://cloudfunctions.googleapis.com/v1/operations/cmVzdGFwaS01ODY1NC91cy1jZW50cmFsMS9hZGQvbnhkeXJtSVAwRnM  
 
[debug] [2020-11-21T14:37:16.021Z] >>> HTTP REQUEST GET https://cloudfunctions.googleapis.com/v1/operations/cmVzdGFwaS01ODY1NC91cy1jZW50cmFsMS90b3RoZURvam8vbHllMVpwN3NjZ3M  
 
[debug] [2020-11-21T14:37:16.022Z] >>> HTTP REQUEST GET https://cloudfunctions.googleapis.com/v1/operations/cmVzdGFwaS01ODY1NC91cy1jZW50cmFsMS9zYXlIZWxsby9KSE40cVVWTTZzUQ  
 
[debug] [2020-11-21T14:37:16.097Z] >>> HTTP REQUEST GET https://cloudfunctions.googleapis.com/v1/operations/cmVzdGFwaS01ODY1NC91cy1jZW50cmFsMS9yYW5kb21OdW1iZXIvMmlFRU9aT1B0V2M  
 
[debug] [2020-11-21T14:37:16.367Z] <<< HTTP RESPONSE 200 {"content-type":"application/json; charset=UTF-8","vary":"X-Origin, Referer, Origin,Accept-Encoding","date":"Sat, 21 Nov 2020 14:37:16 GMT","server":"ESF","cache-control":"private","x-xss-protection":"0","x-frame-options":"SAMEORIGIN","x-content-type-options":"nosniff","alt-svc":"h3-29=\":443\"; ma=2592000,h3-T051=\":443\"; ma=2592000,h3-Q050=\":443\"; ma=2592000,h3-Q046=\":443\"; ma=2592000,h3-Q043=\":443\"; ma=2592000,quic=\":443\"; ma=2592000; v=\"46,43\"","accept-ranges":"none","transfer-encoding":"chunked"}
[debug] [2020-11-21T14:37:16.416Z] <<< HTTP RESPONSE 200 {"content-type":"application/json; charset=UTF-8","vary":"X-Origin, Referer, Origin,Accept-Encoding","date":"Sat, 21 Nov 2020 14:37:16 GMT","server":"ESF","cache-control":"private","x-xss-protection":"0","x-frame-options":"SAMEORIGIN","x-content-type-options":"nosniff","alt-svc":"h3-29=\":443\"; ma=2592000,h3-T051=\":443\"; ma=2592000,h3-Q050=\":443\"; ma=2592000,h3-Q046=\":443\"; ma=2592000,h3-Q043=\":443\"; ma=2592000,quic=\":443\"; ma=2592000; v=\"46,43\"","accept-ranges":"none","transfer-encoding":"chunked"}
[debug] [2020-11-21T14:37:16.421Z] <<< HTTP RESPONSE 200 {"content-type":"application/json; charset=UTF-8","vary":"X-Origin, Referer, Origin,Accept-Encoding","date":"Sat, 21 Nov 2020 14:37:16 GMT","server":"ESF","cache-control":"private","x-xss-protection":"0","x-frame-options":"SAMEORIGIN","x-content-type-options":"nosniff","alt-svc":"h3-29=\":443\"; ma=2592000,h3-T051=\":443\"; ma=2592000,h3-Q050=\":443\"; ma=2592000,h3-Q046=\":443\"; ma=2592000,h3-Q043=\":443\"; ma=2592000,quic=\":443\"; ma=2592000; v=\"46,43\"","accept-ranges":"none","transfer-encoding":"chunked"}
[debug] [2020-11-21T14:37:16.548Z] <<< HTTP RESPONSE 200 {"content-type":"application/json; charset=UTF-8","vary":"X-Origin, Referer, Origin,Accept-Encoding","date":"Sat, 21 Nov 2020 14:37:16 GMT","server":"ESF","cache-control":"private","x-xss-protection":"0","x-frame-options":"SAMEORIGIN","x-content-type-options":"nosniff","alt-svc":"h3-29=\":443\"; ma=2592000,h3-T051=\":443\"; ma=2592000,h3-Q050=\":443\"; ma=2592000,h3-Q046=\":443\"; ma=2592000,h3-Q043=\":443\"; ma=2592000,quic=\":443\"; ma=2592000; v=\"46,43\"","accept-ranges":"none","transfer-encoding":"chunked"}
[debug] [2020-11-21T14:37:18.372Z] >>> HTTP REQUEST GET https://cloudfunctions.googleapis.com/v1/operations/cmVzdGFwaS01ODY1NC91cy1jZW50cmFsMS9hZGQvbnhkeXJtSVAwRnM  
 
[debug] [2020-11-21T14:37:18.420Z] >>> HTTP REQUEST GET https://cloudfunctions.googleapis.com/v1/operations/cmVzdGFwaS01ODY1NC91cy1jZW50cmFsMS90b3RoZURvam8vbHllMVpwN3NjZ3M  
 
[debug] [2020-11-21T14:37:18.428Z] >>> HTTP REQUEST GET https://cloudfunctions.googleapis.com/v1/operations/cmVzdGFwaS01ODY1NC91cy1jZW50cmFsMS9zYXlIZWxsby9KSE40cVVWTTZzUQ  
 
[debug] [2020-11-21T14:37:18.563Z] >>> HTTP REQUEST GET https://cloudfunctions.googleapis.com/v1/operations/cmVzdGFwaS01ODY1NC91cy1jZW50cmFsMS9yYW5kb21OdW1iZXIvMmlFRU9aT1B0V2M  
 
[debug] [2020-11-21T14:37:18.753Z] <<< HTTP RESPONSE 200 {"content-type":"application/json; charset=UTF-8","vary":"X-Origin, Referer, Origin,Accept-Encoding","date":"Sat, 21 Nov 2020 14:37:19 GMT","server":"ESF","cache-control":"private","x-xss-protection":"0","x-frame-options":"SAMEORIGIN","x-content-type-options":"nosniff","alt-svc":"h3-29=\":443\"; ma=2592000,h3-T051=\":443\"; ma=2592000,h3-Q050=\":443\"; ma=2592000,h3-Q046=\":443\"; ma=2592000,h3-Q043=\":443\"; ma=2592000,quic=\":443\"; ma=2592000; v=\"46,43\"","accept-ranges":"none","transfer-encoding":"chunked"}
[debug] [2020-11-21T14:37:18.860Z] <<< HTTP RESPONSE 200 {"content-type":"application/json; charset=UTF-8","vary":"X-Origin, Referer, Origin,Accept-Encoding","date":"Sat, 21 Nov 2020 14:37:19 GMT","server":"ESF","cache-control":"private","x-xss-protection":"0","x-frame-options":"SAMEORIGIN","x-content-type-options":"nosniff","alt-svc":"h3-29=\":443\"; ma=2592000,h3-T051=\":443\"; ma=2592000,h3-Q050=\":443\"; ma=2592000,h3-Q046=\":443\"; ma=2592000,h3-Q043=\":443\"; ma=2592000,quic=\":443\"; ma=2592000; v=\"46,43\"","accept-ranges":"none","transfer-encoding":"chunked"}
[debug] [2020-11-21T14:37:18.861Z] <<< HTTP RESPONSE 200 {"content-type":"application/json; charset=UTF-8","vary":"X-Origin, Referer, Origin,Accept-Encoding","date":"Sat, 21 Nov 2020 14:37:19 GMT","server":"ESF","cache-control":"private","x-xss-protection":"0","x-frame-options":"SAMEORIGIN","x-content-type-options":"nosniff","alt-svc":"h3-29=\":443\"; ma=2592000,h3-T051=\":443\"; ma=2592000,h3-Q050=\":443\"; ma=2592000,h3-Q046=\":443\"; ma=2592000,h3-Q043=\":443\"; ma=2592000,quic=\":443\"; ma=2592000; v=\"46,43\"","accept-ranges":"none","transfer-encoding":"chunked"}
[debug] [2020-11-21T14:37:18.948Z] <<< HTTP RESPONSE 200 {"content-type":"application/json; charset=UTF-8","vary":"X-Origin, Referer, Origin,Accept-Encoding","date":"Sat, 21 Nov 2020 14:37:19 GMT","server":"ESF","cache-control":"private","x-xss-protection":"0","x-frame-options":"SAMEORIGIN","x-content-type-options":"nosniff","alt-svc":"h3-29=\":443\"; ma=2592000,h3-T051=\":443\"; ma=2592000,h3-Q050=\":443\"; ma=2592000,h3-Q046=\":443\"; ma=2592000,h3-Q043=\":443\"; ma=2592000,quic=\":443\"; ma=2592000; v=\"46,43\"","accept-ranges":"none","transfer-encoding":"chunked"}
[debug] [2020-11-21T14:37:20.765Z] >>> HTTP REQUEST GET https://cloudfunctions.googleapis.com/v1/operations/cmVzdGFwaS01ODY1NC91cy1jZW50cmFsMS9hZGQvbnhkeXJtSVAwRnM  
 
[debug] [2020-11-21T14:37:20.861Z] >>> HTTP REQUEST GET https://cloudfunctions.googleapis.com/v1/operations/cmVzdGFwaS01ODY1NC91cy1jZW50cmFsMS9zYXlIZWxsby9KSE40cVVWTTZzUQ  
 
[debug] [2020-11-21T14:37:20.864Z] >>> HTTP REQUEST GET https://cloudfunctions.googleapis.com/v1/operations/cmVzdGFwaS01ODY1NC91cy1jZW50cmFsMS90b3RoZURvam8vbHllMVpwN3NjZ3M  
 
[debug] [2020-11-21T14:37:20.956Z] >>> HTTP REQUEST GET https://cloudfunctions.googleapis.com/v1/operations/cmVzdGFwaS01ODY1NC91cy1jZW50cmFsMS9yYW5kb21OdW1iZXIvMmlFRU9aT1B0V2M  
 
[debug] [2020-11-21T14:37:21.166Z] <<< HTTP RESPONSE 200 {"content-type":"application/json; charset=UTF-8","vary":"X-Origin, Referer, Origin,Accept-Encoding","date":"Sat, 21 Nov 2020 14:37:21 GMT","server":"ESF","cache-control":"private","x-xss-protection":"0","x-frame-options":"SAMEORIGIN","x-content-type-options":"nosniff","alt-svc":"h3-29=\":443\"; ma=2592000,h3-T051=\":443\"; ma=2592000,h3-Q050=\":443\"; ma=2592000,h3-Q046=\":443\"; ma=2592000,h3-Q043=\":443\"; ma=2592000,quic=\":443\"; ma=2592000; v=\"46,43\"","accept-ranges":"none","transfer-encoding":"chunked"}
[debug] [2020-11-21T14:37:21.271Z] <<< HTTP RESPONSE 200 {"content-type":"application/json; charset=UTF-8","vary":"X-Origin, Referer, Origin,Accept-Encoding","date":"Sat, 21 Nov 2020 14:37:21 GMT","server":"ESF","cache-control":"private","x-xss-protection":"0","x-frame-options":"SAMEORIGIN","x-content-type-options":"nosniff","alt-svc":"h3-29=\":443\"; ma=2592000,h3-T051=\":443\"; ma=2592000,h3-Q050=\":443\"; ma=2592000,h3-Q046=\":443\"; ma=2592000,h3-Q043=\":443\"; ma=2592000,quic=\":443\"; ma=2592000; v=\"46,43\"","accept-ranges":"none","transfer-encoding":"chunked"}
[debug] [2020-11-21T14:37:21.331Z] <<< HTTP RESPONSE 200 {"content-type":"application/json; charset=UTF-8","vary":"X-Origin, Referer, Origin,Accept-Encoding","date":"Sat, 21 Nov 2020 14:37:21 GMT","server":"ESF","cache-control":"private","x-xss-protection":"0","x-frame-options":"SAMEORIGIN","x-content-type-options":"nosniff","alt-svc":"h3-29=\":443\"; ma=2592000,h3-T051=\":443\"; ma=2592000,h3-Q050=\":443\"; ma=2592000,h3-Q046=\":443\"; ma=2592000,h3-Q043=\":443\"; ma=2592000,quic=\":443\"; ma=2592000; v=\"46,43\"","accept-ranges":"none","transfer-encoding":"chunked"}
[debug] [2020-11-21T14:37:21.341Z] <<< HTTP RESPONSE 200 {"content-type":"application/json; charset=UTF-8","vary":"X-Origin, Referer, Origin,Accept-Encoding","date":"Sat, 21 Nov 2020 14:37:21 GMT","server":"ESF","cache-control":"private","x-xss-protection":"0","x-frame-options":"SAMEORIGIN","x-content-type-options":"nosniff","alt-svc":"h3-29=\":443\"; ma=2592000,h3-T051=\":443\"; ma=2592000,h3-Q050=\":443\"; ma=2592000,h3-Q046=\":443\"; ma=2592000,h3-Q043=\":443\"; ma=2592000,quic=\":443\"; ma=2592000; v=\"46,43\"","accept-ranges":"none","transfer-encoding":"chunked"}
[debug] [2020-11-21T14:37:23.168Z] >>> HTTP REQUEST GET https://cloudfunctions.googleapis.com/v1/operations/cmVzdGFwaS01ODY1NC91cy1jZW50cmFsMS9hZGQvbnhkeXJtSVAwRnM  
 
[debug] [2020-11-21T14:37:23.279Z] >>> HTTP REQUEST GET https://cloudfunctions.googleapis.com/v1/operations/cmVzdGFwaS01ODY1NC91cy1jZW50cmFsMS9zYXlIZWxsby9KSE40cVVWTTZzUQ  
 
[debug] [2020-11-21T14:37:23.341Z] >>> HTTP REQUEST GET https://cloudfunctions.googleapis.com/v1/operations/cmVzdGFwaS01ODY1NC91cy1jZW50cmFsMS90b3RoZURvam8vbHllMVpwN3NjZ3M  
 
[debug] [2020-11-21T14:37:23.342Z] >>> HTTP REQUEST GET https://cloudfunctions.googleapis.com/v1/operations/cmVzdGFwaS01ODY1NC91cy1jZW50cmFsMS9yYW5kb21OdW1iZXIvMmlFRU9aT1B0V2M  
 
[debug] [2020-11-21T14:37:23.587Z] <<< HTTP RESPONSE 200 {"content-type":"application/json; charset=UTF-8","vary":"X-Origin, Referer, Origin,Accept-Encoding","date":"Sat, 21 Nov 2020 14:37:23 GMT","server":"ESF","cache-control":"private","x-xss-protection":"0","x-frame-options":"SAMEORIGIN","x-content-type-options":"nosniff","alt-svc":"h3-29=\":443\"; ma=2592000,h3-T051=\":443\"; ma=2592000,h3-Q050=\":443\"; ma=2592000,h3-Q046=\":443\"; ma=2592000,h3-Q043=\":443\"; ma=2592000,quic=\":443\"; ma=2592000; v=\"46,43\"","accept-ranges":"none","transfer-encoding":"chunked"}
[debug] [2020-11-21T14:37:23.702Z] <<< HTTP RESPONSE 200 {"content-type":"application/json; charset=UTF-8","vary":"X-Origin, Referer, Origin,Accept-Encoding","date":"Sat, 21 Nov 2020 14:37:23 GMT","server":"ESF","cache-control":"private","x-xss-protection":"0","x-frame-options":"SAMEORIGIN","x-content-type-options":"nosniff","alt-svc":"h3-29=\":443\"; ma=2592000,h3-T051=\":443\"; ma=2592000,h3-Q050=\":443\"; ma=2592000,h3-Q046=\":443\"; ma=2592000,h3-Q043=\":443\"; ma=2592000,quic=\":443\"; ma=2592000; v=\"46,43\"","accept-ranges":"none","transfer-encoding":"chunked"}
[debug] [2020-11-21T14:37:23.758Z] <<< HTTP RESPONSE 200 {"content-type":"application/json; charset=UTF-8","vary":"X-Origin, Referer, Origin,Accept-Encoding","date":"Sat, 21 Nov 2020 14:37:24 GMT","server":"ESF","cache-control":"private","x-xss-protection":"0","x-frame-options":"SAMEORIGIN","x-content-type-options":"nosniff","alt-svc":"h3-29=\":443\"; ma=2592000,h3-T051=\":443\"; ma=2592000,h3-Q050=\":443\"; ma=2592000,h3-Q046=\":443\"; ma=2592000,h3-Q043=\":443\"; ma=2592000,quic=\":443\"; ma=2592000; v=\"46,43\"","accept-ranges":"none","transfer-encoding":"chunked"}
[debug] [2020-11-21T14:37:23.781Z] <<< HTTP RESPONSE 200 {"content-type":"application/json; charset=UTF-8","vary":"X-Origin, Referer, Origin,Accept-Encoding","date":"Sat, 21 Nov 2020 14:37:24 GMT","server":"ESF","cache-control":"private","x-xss-protection":"0","x-frame-options":"SAMEORIGIN","x-content-type-options":"nosniff","alt-svc":"h3-29=\":443\"; ma=2592000,h3-T051=\":443\"; ma=2592000,h3-Q050=\":443\"; ma=2592000,h3-Q046=\":443\"; ma=2592000,h3-Q043=\":443\"; ma=2592000,quic=\":443\"; ma=2592000; v=\"46,43\"","accept-ranges":"none","transfer-encoding":"chunked"}
[debug] [2020-11-21T14:37:25.602Z] >>> HTTP REQUEST GET https://cloudfunctions.googleapis.com/v1/operations/cmVzdGFwaS01ODY1NC91cy1jZW50cmFsMS9hZGQvbnhkeXJtSVAwRnM  
 
[debug] [2020-11-21T14:37:25.712Z] >>> HTTP REQUEST GET https://cloudfunctions.googleapis.com/v1/operations/cmVzdGFwaS01ODY1NC91cy1jZW50cmFsMS9zYXlIZWxsby9KSE40cVVWTTZzUQ  
 
[debug] [2020-11-21T14:37:25.760Z] >>> HTTP REQUEST GET https://cloudfunctions.googleapis.com/v1/operations/cmVzdGFwaS01ODY1NC91cy1jZW50cmFsMS9yYW5kb21OdW1iZXIvMmlFRU9aT1B0V2M  
 
[debug] [2020-11-21T14:37:25.787Z] >>> HTTP REQUEST GET https://cloudfunctions.googleapis.com/v1/operations/cmVzdGFwaS01ODY1NC91cy1jZW50cmFsMS90b3RoZURvam8vbHllMVpwN3NjZ3M  
 
[debug] [2020-11-21T14:37:26.031Z] <<< HTTP RESPONSE 200 {"content-type":"application/json; charset=UTF-8","vary":"X-Origin, Referer, Origin,Accept-Encoding","date":"Sat, 21 Nov 2020 14:37:26 GMT","server":"ESF","cache-control":"private","x-xss-protection":"0","x-frame-options":"SAMEORIGIN","x-content-type-options":"nosniff","alt-svc":"h3-29=\":443\"; ma=2592000,h3-T051=\":443\"; ma=2592000,h3-Q050=\":443\"; ma=2592000,h3-Q046=\":443\"; ma=2592000,h3-Q043=\":443\"; ma=2592000,quic=\":443\"; ma=2592000; v=\"46,43\"","accept-ranges":"none","transfer-encoding":"chunked"}
[debug] [2020-11-21T14:37:26.095Z] <<< HTTP RESPONSE 200 {"content-type":"application/json; charset=UTF-8","vary":"X-Origin, Referer, Origin,Accept-Encoding","date":"Sat, 21 Nov 2020 14:37:26 GMT","server":"ESF","cache-control":"private","x-xss-protection":"0","x-frame-options":"SAMEORIGIN","x-content-type-options":"nosniff","alt-svc":"h3-29=\":443\"; ma=2592000,h3-T051=\":443\"; ma=2592000,h3-Q050=\":443\"; ma=2592000,h3-Q046=\":443\"; ma=2592000,h3-Q043=\":443\"; ma=2592000,quic=\":443\"; ma=2592000; v=\"46,43\"","accept-ranges":"none","transfer-encoding":"chunked"}
[debug] [2020-11-21T14:37:26.174Z] <<< HTTP RESPONSE 200 {"content-type":"application/json; charset=UTF-8","vary":"X-Origin, Referer, Origin,Accept-Encoding","date":"Sat, 21 Nov 2020 14:37:26 GMT","server":"ESF","cache-control":"private","x-xss-protection":"0","x-frame-options":"SAMEORIGIN","x-content-type-options":"nosniff","alt-svc":"h3-29=\":443\"; ma=2592000,h3-T051=\":443\"; ma=2592000,h3-Q050=\":443\"; ma=2592000,h3-Q046=\":443\"; ma=2592000,h3-Q043=\":443\"; ma=2592000,quic=\":443\"; ma=2592000; v=\"46,43\"","accept-ranges":"none","transfer-encoding":"chunked"}
[debug] [2020-11-21T14:37:26.213Z] <<< HTTP RESPONSE 200 {"content-type":"application/json; charset=UTF-8","vary":"X-Origin, Referer, Origin,Accept-Encoding","date":"Sat, 21 Nov 2020 14:37:26 GMT","server":"ESF","cache-control":"private","x-xss-protection":"0","x-frame-options":"SAMEORIGIN","x-content-type-options":"nosniff","alt-svc":"h3-29=\":443\"; ma=2592000,h3-T051=\":443\"; ma=2592000,h3-Q050=\":443\"; ma=2592000,h3-Q046=\":443\"; ma=2592000,h3-Q043=\":443\"; ma=2592000,quic=\":443\"; ma=2592000; v=\"46,43\"","accept-ranges":"none","transfer-encoding":"chunked"}
[debug] [2020-11-21T14:37:28.032Z] >>> HTTP REQUEST GET https://cloudfunctions.googleapis.com/v1/operations/cmVzdGFwaS01ODY1NC91cy1jZW50cmFsMS9hZGQvbnhkeXJtSVAwRnM  
 
[debug] [2020-11-21T14:37:28.096Z] >>> HTTP REQUEST GET https://cloudfunctions.googleapis.com/v1/operations/cmVzdGFwaS01ODY1NC91cy1jZW50cmFsMS9zYXlIZWxsby9KSE40cVVWTTZzUQ  
 
[debug] [2020-11-21T14:37:28.175Z] >>> HTTP REQUEST GET https://cloudfunctions.googleapis.com/v1/operations/cmVzdGFwaS01ODY1NC91cy1jZW50cmFsMS9yYW5kb21OdW1iZXIvMmlFRU9aT1B0V2M  
 
[debug] [2020-11-21T14:37:28.223Z] >>> HTTP REQUEST GET https://cloudfunctions.googleapis.com/v1/operations/cmVzdGFwaS01ODY1NC91cy1jZW50cmFsMS90b3RoZURvam8vbHllMVpwN3NjZ3M  
 
[debug] [2020-11-21T14:37:28.402Z] <<< HTTP RESPONSE 200 {"content-type":"application/json; charset=UTF-8","vary":"X-Origin, Referer, Origin,Accept-Encoding","date":"Sat, 21 Nov 2020 14:37:28 GMT","server":"ESF","cache-control":"private","x-xss-protection":"0","x-frame-options":"SAMEORIGIN","x-content-type-options":"nosniff","alt-svc":"h3-29=\":443\"; ma=2592000,h3-T051=\":443\"; ma=2592000,h3-Q050=\":443\"; ma=2592000,h3-Q046=\":443\"; ma=2592000,h3-Q043=\":443\"; ma=2592000,quic=\":443\"; ma=2592000; v=\"46,43\"","accept-ranges":"none","transfer-encoding":"chunked"}
[debug] [2020-11-21T14:37:28.488Z] <<< HTTP RESPONSE 200 {"content-type":"application/json; charset=UTF-8","vary":"X-Origin, Referer, Origin,Accept-Encoding","date":"Sat, 21 Nov 2020 14:37:28 GMT","server":"ESF","cache-control":"private","x-xss-protection":"0","x-frame-options":"SAMEORIGIN","x-content-type-options":"nosniff","alt-svc":"h3-29=\":443\"; ma=2592000,h3-T051=\":443\"; ma=2592000,h3-Q050=\":443\"; ma=2592000,h3-Q046=\":443\"; ma=2592000,h3-Q043=\":443\"; ma=2592000,quic=\":443\"; ma=2592000; v=\"46,43\"","accept-ranges":"none","transfer-encoding":"chunked"}
[debug] [2020-11-21T14:37:28.581Z] <<< HTTP RESPONSE 200 {"content-type":"application/json; charset=UTF-8","vary":"X-Origin, Referer, Origin,Accept-Encoding","date":"Sat, 21 Nov 2020 14:37:28 GMT","server":"ESF","cache-control":"private","x-xss-protection":"0","x-frame-options":"SAMEORIGIN","x-content-type-options":"nosniff","alt-svc":"h3-29=\":443\"; ma=2592000,h3-T051=\":443\"; ma=2592000,h3-Q050=\":443\"; ma=2592000,h3-Q046=\":443\"; ma=2592000,h3-Q043=\":443\"; ma=2592000,quic=\":443\"; ma=2592000; v=\"46,43\"","accept-ranges":"none","transfer-encoding":"chunked"}
[debug] [2020-11-21T14:37:28.668Z] <<< HTTP RESPONSE 200 {"content-type":"application/json; charset=UTF-8","vary":"X-Origin, Referer, Origin,Accept-Encoding","date":"Sat, 21 Nov 2020 14:37:28 GMT","server":"ESF","cache-control":"private","x-xss-protection":"0","x-frame-options":"SAMEORIGIN","x-content-type-options":"nosniff","alt-svc":"h3-29=\":443\"; ma=2592000,h3-T051=\":443\"; ma=2592000,h3-Q050=\":443\"; ma=2592000,h3-Q046=\":443\"; ma=2592000,h3-Q043=\":443\"; ma=2592000,quic=\":443\"; ma=2592000; v=\"46,43\"","accept-ranges":"none","transfer-encoding":"chunked"}
[debug] [2020-11-21T14:37:30.416Z] >>> HTTP REQUEST GET https://cloudfunctions.googleapis.com/v1/operations/cmVzdGFwaS01ODY1NC91cy1jZW50cmFsMS9hZGQvbnhkeXJtSVAwRnM  
 
[debug] [2020-11-21T14:37:30.494Z] >>> HTTP REQUEST GET https://cloudfunctions.googleapis.com/v1/operations/cmVzdGFwaS01ODY1NC91cy1jZW50cmFsMS9zYXlIZWxsby9KSE40cVVWTTZzUQ  
 
[debug] [2020-11-21T14:37:30.589Z] >>> HTTP REQUEST GET https://cloudfunctions.googleapis.com/v1/operations/cmVzdGFwaS01ODY1NC91cy1jZW50cmFsMS9yYW5kb21OdW1iZXIvMmlFRU9aT1B0V2M  
 
[debug] [2020-11-21T14:37:30.684Z] >>> HTTP REQUEST GET https://cloudfunctions.googleapis.com/v1/operations/cmVzdGFwaS01ODY1NC91cy1jZW50cmFsMS90b3RoZURvam8vbHllMVpwN3NjZ3M  
 
[debug] [2020-11-21T14:37:30.817Z] <<< HTTP RESPONSE 200 {"content-type":"application/json; charset=UTF-8","vary":"X-Origin, Referer, Origin,Accept-Encoding","date":"Sat, 21 Nov 2020 14:37:31 GMT","server":"ESF","cache-control":"private","x-xss-protection":"0","x-frame-options":"SAMEORIGIN","x-content-type-options":"nosniff","alt-svc":"h3-29=\":443\"; ma=2592000,h3-T051=\":443\"; ma=2592000,h3-Q050=\":443\"; ma=2592000,h3-Q046=\":443\"; ma=2592000,h3-Q043=\":443\"; ma=2592000,quic=\":443\"; ma=2592000; v=\"46,43\"","accept-ranges":"none","transfer-encoding":"chunked"}
[debug] [2020-11-21T14:37:30.947Z] <<< HTTP RESPONSE 200 {"content-type":"application/json; charset=UTF-8","vary":"X-Origin, Referer, Origin,Accept-Encoding","date":"Sat, 21 Nov 2020 14:37:31 GMT","server":"ESF","cache-control":"private","x-xss-protection":"0","x-frame-options":"SAMEORIGIN","x-content-type-options":"nosniff","alt-svc":"h3-29=\":443\"; ma=2592000,h3-T051=\":443\"; ma=2592000,h3-Q050=\":443\"; ma=2592000,h3-Q046=\":443\"; ma=2592000,h3-Q043=\":443\"; ma=2592000,quic=\":443\"; ma=2592000; v=\"46,43\"","accept-ranges":"none","transfer-encoding":"chunked"}
[debug] [2020-11-21T14:37:30.975Z] <<< HTTP RESPONSE 200 {"content-type":"application/json; charset=UTF-8","vary":"X-Origin, Referer, Origin,Accept-Encoding","date":"Sat, 21 Nov 2020 14:37:31 GMT","server":"ESF","cache-control":"private","x-xss-protection":"0","x-frame-options":"SAMEORIGIN","x-content-type-options":"nosniff","alt-svc":"h3-29=\":443\"; ma=2592000,h3-T051=\":443\"; ma=2592000,h3-Q050=\":443\"; ma=2592000,h3-Q046=\":443\"; ma=2592000,h3-Q043=\":443\"; ma=2592000,quic=\":443\"; ma=2592000; v=\"46,43\"","accept-ranges":"none","transfer-encoding":"chunked"}
[debug] [2020-11-21T14:37:31.092Z] <<< HTTP RESPONSE 200 {"content-type":"application/json; charset=UTF-8","vary":"X-Origin, Referer, Origin,Accept-Encoding","date":"Sat, 21 Nov 2020 14:37:31 GMT","server":"ESF","cache-control":"private","x-xss-protection":"0","x-frame-options":"SAMEORIGIN","x-content-type-options":"nosniff","alt-svc":"h3-29=\":443\"; ma=2592000,h3-T051=\":443\"; ma=2592000,h3-Q050=\":443\"; ma=2592000,h3-Q046=\":443\"; ma=2592000,h3-Q043=\":443\"; ma=2592000,quic=\":443\"; ma=2592000; v=\"46,43\"","accept-ranges":"none","transfer-encoding":"chunked"}
[debug] [2020-11-21T14:37:32.833Z] >>> HTTP REQUEST GET https://cloudfunctions.googleapis.com/v1/operations/cmVzdGFwaS01ODY1NC91cy1jZW50cmFsMS9hZGQvbnhkeXJtSVAwRnM  
 
[debug] [2020-11-21T14:37:32.961Z] >>> HTTP REQUEST GET https://cloudfunctions.googleapis.com/v1/operations/cmVzdGFwaS01ODY1NC91cy1jZW50cmFsMS9zYXlIZWxsby9KSE40cVVWTTZzUQ  
 
[debug] [2020-11-21T14:37:32.987Z] >>> HTTP REQUEST GET https://cloudfunctions.googleapis.com/v1/operations/cmVzdGFwaS01ODY1NC91cy1jZW50cmFsMS9yYW5kb21OdW1iZXIvMmlFRU9aT1B0V2M  
 
[debug] [2020-11-21T14:37:33.102Z] >>> HTTP REQUEST GET https://cloudfunctions.googleapis.com/v1/operations/cmVzdGFwaS01ODY1NC91cy1jZW50cmFsMS90b3RoZURvam8vbHllMVpwN3NjZ3M  
 
[debug] [2020-11-21T14:37:33.205Z] <<< HTTP RESPONSE 200 {"content-type":"application/json; charset=UTF-8","vary":"X-Origin, Referer, Origin,Accept-Encoding","date":"Sat, 21 Nov 2020 14:37:33 GMT","server":"ESF","cache-control":"private","x-xss-protection":"0","x-frame-options":"SAMEORIGIN","x-content-type-options":"nosniff","alt-svc":"h3-29=\":443\"; ma=2592000,h3-T051=\":443\"; ma=2592000,h3-Q050=\":443\"; ma=2592000,h3-Q046=\":443\"; ma=2592000,h3-Q043=\":443\"; ma=2592000,quic=\":443\"; ma=2592000; v=\"46,43\"","accept-ranges":"none","transfer-encoding":"chunked"}
[debug] [2020-11-21T14:37:33.325Z] <<< HTTP RESPONSE 200 {"content-type":"application/json; charset=UTF-8","vary":"X-Origin, Referer, Origin,Accept-Encoding","date":"Sat, 21 Nov 2020 14:37:33 GMT","server":"ESF","cache-control":"private","x-xss-protection":"0","x-frame-options":"SAMEORIGIN","x-content-type-options":"nosniff","alt-svc":"h3-29=\":443\"; ma=2592000,h3-T051=\":443\"; ma=2592000,h3-Q050=\":443\"; ma=2592000,h3-Q046=\":443\"; ma=2592000,h3-Q043=\":443\"; ma=2592000,quic=\":443\"; ma=2592000; v=\"46,43\"","accept-ranges":"none","transfer-encoding":"chunked"}
[debug] [2020-11-21T14:37:33.386Z] <<< HTTP RESPONSE 200 {"content-type":"application/json; charset=UTF-8","vary":"X-Origin, Referer, Origin,Accept-Encoding","date":"Sat, 21 Nov 2020 14:37:33 GMT","server":"ESF","cache-control":"private","x-xss-protection":"0","x-frame-options":"SAMEORIGIN","x-content-type-options":"nosniff","alt-svc":"h3-29=\":443\"; ma=2592000,h3-T051=\":443\"; ma=2592000,h3-Q050=\":443\"; ma=2592000,h3-Q046=\":443\"; ma=2592000,h3-Q043=\":443\"; ma=2592000,quic=\":443\"; ma=2592000; v=\"46,43\"","accept-ranges":"none","transfer-encoding":"chunked"}
[debug] [2020-11-21T14:37:33.520Z] <<< HTTP RESPONSE 200 {"content-type":"application/json; charset=UTF-8","vary":"X-Origin, Referer, Origin,Accept-Encoding","date":"Sat, 21 Nov 2020 14:37:33 GMT","server":"ESF","cache-control":"private","x-xss-protection":"0","x-frame-options":"SAMEORIGIN","x-content-type-options":"nosniff","alt-svc":"h3-29=\":443\"; ma=2592000,h3-T051=\":443\"; ma=2592000,h3-Q050=\":443\"; ma=2592000,h3-Q046=\":443\"; ma=2592000,h3-Q043=\":443\"; ma=2592000,quic=\":443\"; ma=2592000; v=\"46,43\"","accept-ranges":"none","transfer-encoding":"chunked"}
[debug] [2020-11-21T14:37:35.217Z] >>> HTTP REQUEST GET https://cloudfunctions.googleapis.com/v1/operations/cmVzdGFwaS01ODY1NC91cy1jZW50cmFsMS9hZGQvbnhkeXJtSVAwRnM  
 
[debug] [2020-11-21T14:37:35.329Z] >>> HTTP REQUEST GET https://cloudfunctions.googleapis.com/v1/operations/cmVzdGFwaS01ODY1NC91cy1jZW50cmFsMS9zYXlIZWxsby9KSE40cVVWTTZzUQ  
 
[debug] [2020-11-21T14:37:35.393Z] >>> HTTP REQUEST GET https://cloudfunctions.googleapis.com/v1/operations/cmVzdGFwaS01ODY1NC91cy1jZW50cmFsMS9yYW5kb21OdW1iZXIvMmlFRU9aT1B0V2M  
 
[debug] [2020-11-21T14:37:35.536Z] >>> HTTP REQUEST GET https://cloudfunctions.googleapis.com/v1/operations/cmVzdGFwaS01ODY1NC91cy1jZW50cmFsMS90b3RoZURvam8vbHllMVpwN3NjZ3M  
 
[debug] [2020-11-21T14:37:35.625Z] <<< HTTP RESPONSE 200 {"content-type":"application/json; charset=UTF-8","vary":"X-Origin, Referer, Origin,Accept-Encoding","date":"Sat, 21 Nov 2020 14:37:35 GMT","server":"ESF","cache-control":"private","x-xss-protection":"0","x-frame-options":"SAMEORIGIN","x-content-type-options":"nosniff","alt-svc":"h3-29=\":443\"; ma=2592000,h3-T051=\":443\"; ma=2592000,h3-Q050=\":443\"; ma=2592000,h3-Q046=\":443\"; ma=2592000,h3-Q043=\":443\"; ma=2592000,quic=\":443\"; ma=2592000; v=\"46,43\"","accept-ranges":"none","transfer-encoding":"chunked"}
[debug] [2020-11-21T14:37:35.717Z] <<< HTTP RESPONSE 200 {"content-type":"application/json; charset=UTF-8","vary":"X-Origin, Referer, Origin,Accept-Encoding","date":"Sat, 21 Nov 2020 14:37:35 GMT","server":"ESF","cache-control":"private","x-xss-protection":"0","x-frame-options":"SAMEORIGIN","x-content-type-options":"nosniff","alt-svc":"h3-29=\":443\"; ma=2592000,h3-T051=\":443\"; ma=2592000,h3-Q050=\":443\"; ma=2592000,h3-Q046=\":443\"; ma=2592000,h3-Q043=\":443\"; ma=2592000,quic=\":443\"; ma=2592000; v=\"46,43\"","accept-ranges":"none","transfer-encoding":"chunked"}
[debug] [2020-11-21T14:37:35.784Z] <<< HTTP RESPONSE 200 {"content-type":"application/json; charset=UTF-8","vary":"X-Origin, Referer, Origin,Accept-Encoding","date":"Sat, 21 Nov 2020 14:37:36 GMT","server":"ESF","cache-control":"private","x-xss-protection":"0","x-frame-options":"SAMEORIGIN","x-content-type-options":"nosniff","alt-svc":"h3-29=\":443\"; ma=2592000,h3-T051=\":443\"; ma=2592000,h3-Q050=\":443\"; ma=2592000,h3-Q046=\":443\"; ma=2592000,h3-Q043=\":443\"; ma=2592000,quic=\":443\"; ma=2592000; v=\"46,43\"","accept-ranges":"none","transfer-encoding":"chunked"}
[debug] [2020-11-21T14:37:35.944Z] <<< HTTP RESPONSE 200 {"content-type":"application/json; charset=UTF-8","vary":"X-Origin, Referer, Origin,Accept-Encoding","date":"Sat, 21 Nov 2020 14:37:36 GMT","server":"ESF","cache-control":"private","x-xss-protection":"0","x-frame-options":"SAMEORIGIN","x-content-type-options":"nosniff","alt-svc":"h3-29=\":443\"; ma=2592000,h3-T051=\":443\"; ma=2592000,h3-Q050=\":443\"; ma=2592000,h3-Q046=\":443\"; ma=2592000,h3-Q043=\":443\"; ma=2592000,quic=\":443\"; ma=2592000; v=\"46,43\"","accept-ranges":"none","transfer-encoding":"chunked"}
[debug] [2020-11-21T14:37:37.637Z] >>> HTTP REQUEST GET https://cloudfunctions.googleapis.com/v1/operations/cmVzdGFwaS01ODY1NC91cy1jZW50cmFsMS9hZGQvbnhkeXJtSVAwRnM  
 
[debug] [2020-11-21T14:37:37.731Z] >>> HTTP REQUEST GET https://cloudfunctions.googleapis.com/v1/operations/cmVzdGFwaS01ODY1NC91cy1jZW50cmFsMS9zYXlIZWxsby9KSE40cVVWTTZzUQ  
 
[debug] [2020-11-21T14:37:37.794Z] >>> HTTP REQUEST GET https://cloudfunctions.googleapis.com/v1/operations/cmVzdGFwaS01ODY1NC91cy1jZW50cmFsMS9yYW5kb21OdW1iZXIvMmlFRU9aT1B0V2M  
 
[debug] [2020-11-21T14:37:37.950Z] >>> HTTP REQUEST GET https://cloudfunctions.googleapis.com/v1/operations/cmVzdGFwaS01ODY1NC91cy1jZW50cmFsMS90b3RoZURvam8vbHllMVpwN3NjZ3M  
 
[debug] [2020-11-21T14:37:38.030Z] <<< HTTP RESPONSE 200 {"content-type":"application/json; charset=UTF-8","vary":"X-Origin, Referer, Origin,Accept-Encoding","date":"Sat, 21 Nov 2020 14:37:38 GMT","server":"ESF","cache-control":"private","x-xss-protection":"0","x-frame-options":"SAMEORIGIN","x-content-type-options":"nosniff","alt-svc":"h3-29=\":443\"; ma=2592000,h3-T051=\":443\"; ma=2592000,h3-Q050=\":443\"; ma=2592000,h3-Q046=\":443\"; ma=2592000,h3-Q043=\":443\"; ma=2592000,quic=\":443\"; ma=2592000; v=\"46,43\"","accept-ranges":"none","transfer-encoding":"chunked"}
[debug] [2020-11-21T14:37:38.122Z] <<< HTTP RESPONSE 200 {"content-type":"application/json; charset=UTF-8","vary":"X-Origin, Referer, Origin,Accept-Encoding","date":"Sat, 21 Nov 2020 14:37:38 GMT","server":"ESF","cache-control":"private","x-xss-protection":"0","x-frame-options":"SAMEORIGIN","x-content-type-options":"nosniff","alt-svc":"h3-29=\":443\"; ma=2592000,h3-T051=\":443\"; ma=2592000,h3-Q050=\":443\"; ma=2592000,h3-Q046=\":443\"; ma=2592000,h3-Q043=\":443\"; ma=2592000,quic=\":443\"; ma=2592000; v=\"46,43\"","accept-ranges":"none","transfer-encoding":"chunked"}
[debug] [2020-11-21T14:37:38.189Z] <<< HTTP RESPONSE 200 {"content-type":"application/json; charset=UTF-8","vary":"X-Origin, Referer, Origin,Accept-Encoding","date":"Sat, 21 Nov 2020 14:37:38 GMT","server":"ESF","cache-control":"private","x-xss-protection":"0","x-frame-options":"SAMEORIGIN","x-content-type-options":"nosniff","alt-svc":"h3-29=\":443\"; ma=2592000,h3-T051=\":443\"; ma=2592000,h3-Q050=\":443\"; ma=2592000,h3-Q046=\":443\"; ma=2592000,h3-Q043=\":443\"; ma=2592000,quic=\":443\"; ma=2592000; v=\"46,43\"","accept-ranges":"none","transfer-encoding":"chunked"}
[debug] [2020-11-21T14:37:38.338Z] <<< HTTP RESPONSE 200 {"content-type":"application/json; charset=UTF-8","vary":"X-Origin, Referer, Origin,Accept-Encoding","date":"Sat, 21 Nov 2020 14:37:38 GMT","server":"ESF","cache-control":"private","x-xss-protection":"0","x-frame-options":"SAMEORIGIN","x-content-type-options":"nosniff","alt-svc":"h3-29=\":443\"; ma=2592000,h3-T051=\":443\"; ma=2592000,h3-Q050=\":443\"; ma=2592000,h3-Q046=\":443\"; ma=2592000,h3-Q043=\":443\"; ma=2592000,quic=\":443\"; ma=2592000; v=\"46,43\"","accept-ranges":"none","transfer-encoding":"chunked"}
[debug] [2020-11-21T14:37:40.039Z] >>> HTTP REQUEST GET https://cloudfunctions.googleapis.com/v1/operations/cmVzdGFwaS01ODY1NC91cy1jZW50cmFsMS9hZGQvbnhkeXJtSVAwRnM  
 
[debug] [2020-11-21T14:37:40.132Z] >>> HTTP REQUEST GET https://cloudfunctions.googleapis.com/v1/operations/cmVzdGFwaS01ODY1NC91cy1jZW50cmFsMS9zYXlIZWxsby9KSE40cVVWTTZzUQ  
 
[debug] [2020-11-21T14:37:40.195Z] >>> HTTP REQUEST GET https://cloudfunctions.googleapis.com/v1/operations/cmVzdGFwaS01ODY1NC91cy1jZW50cmFsMS9yYW5kb21OdW1iZXIvMmlFRU9aT1B0V2M  
 
[debug] [2020-11-21T14:37:40.340Z] >>> HTTP REQUEST GET https://cloudfunctions.googleapis.com/v1/operations/cmVzdGFwaS01ODY1NC91cy1jZW50cmFsMS90b3RoZURvam8vbHllMVpwN3NjZ3M  
 
[debug] [2020-11-21T14:37:40.514Z] <<< HTTP RESPONSE 200 {"content-type":"application/json; charset=UTF-8","vary":"X-Origin, Referer, Origin,Accept-Encoding","date":"Sat, 21 Nov 2020 14:37:40 GMT","server":"ESF","cache-control":"private","x-xss-protection":"0","x-frame-options":"SAMEORIGIN","x-content-type-options":"nosniff","alt-svc":"h3-29=\":443\"; ma=2592000,h3-T051=\":443\"; ma=2592000,h3-Q050=\":443\"; ma=2592000,h3-Q046=\":443\"; ma=2592000,h3-Q043=\":443\"; ma=2592000,quic=\":443\"; ma=2592000; v=\"46,43\"","accept-ranges":"none","transfer-encoding":"chunked"}
[debug] [2020-11-21T14:37:40.549Z] <<< HTTP RESPONSE 200 {"content-type":"application/json; charset=UTF-8","vary":"X-Origin, Referer, Origin,Accept-Encoding","date":"Sat, 21 Nov 2020 14:37:40 GMT","server":"ESF","cache-control":"private","x-xss-protection":"0","x-frame-options":"SAMEORIGIN","x-content-type-options":"nosniff","alt-svc":"h3-29=\":443\"; ma=2592000,h3-T051=\":443\"; ma=2592000,h3-Q050=\":443\"; ma=2592000,h3-Q046=\":443\"; ma=2592000,h3-Q043=\":443\"; ma=2592000,quic=\":443\"; ma=2592000; v=\"46,43\"","accept-ranges":"none","transfer-encoding":"chunked"}
[debug] [2020-11-21T14:37:40.588Z] <<< HTTP RESPONSE 200 {"content-type":"application/json; charset=UTF-8","vary":"X-Origin, Referer, Origin,Accept-Encoding","date":"Sat, 21 Nov 2020 14:37:40 GMT","server":"ESF","cache-control":"private","x-xss-protection":"0","x-frame-options":"SAMEORIGIN","x-content-type-options":"nosniff","alt-svc":"h3-29=\":443\"; ma=2592000,h3-T051=\":443\"; ma=2592000,h3-Q050=\":443\"; ma=2592000,h3-Q046=\":443\"; ma=2592000,h3-Q043=\":443\"; ma=2592000,quic=\":443\"; ma=2592000; v=\"46,43\"","accept-ranges":"none","transfer-encoding":"chunked"}
[debug] [2020-11-21T14:37:40.753Z] <<< HTTP RESPONSE 200 {"content-type":"application/json; charset=UTF-8","vary":"X-Origin, Referer, Origin,Accept-Encoding","date":"Sat, 21 Nov 2020 14:37:41 GMT","server":"ESF","cache-control":"private","x-xss-protection":"0","x-frame-options":"SAMEORIGIN","x-content-type-options":"nosniff","alt-svc":"h3-29=\":443\"; ma=2592000,h3-T051=\":443\"; ma=2592000,h3-Q050=\":443\"; ma=2592000,h3-Q046=\":443\"; ma=2592000,h3-Q043=\":443\"; ma=2592000,quic=\":443\"; ma=2592000; v=\"46,43\"","accept-ranges":"none","transfer-encoding":"chunked"}
[debug] [2020-11-21T14:37:42.515Z] >>> HTTP REQUEST GET https://cloudfunctions.googleapis.com/v1/operations/cmVzdGFwaS01ODY1NC91cy1jZW50cmFsMS9hZGQvbnhkeXJtSVAwRnM  
 
[debug] [2020-11-21T14:37:42.563Z] >>> HTTP REQUEST GET https://cloudfunctions.googleapis.com/v1/operations/cmVzdGFwaS01ODY1NC91cy1jZW50cmFsMS9zYXlIZWxsby9KSE40cVVWTTZzUQ  
 
[debug] [2020-11-21T14:37:42.589Z] >>> HTTP REQUEST GET https://cloudfunctions.googleapis.com/v1/operations/cmVzdGFwaS01ODY1NC91cy1jZW50cmFsMS9yYW5kb21OdW1iZXIvMmlFRU9aT1B0V2M  
 
[debug] [2020-11-21T14:37:42.769Z] >>> HTTP REQUEST GET https://cloudfunctions.googleapis.com/v1/operations/cmVzdGFwaS01ODY1NC91cy1jZW50cmFsMS90b3RoZURvam8vbHllMVpwN3NjZ3M  
 
[debug] [2020-11-21T14:37:42.965Z] <<< HTTP RESPONSE 200 {"content-type":"application/json; charset=UTF-8","vary":"X-Origin, Referer, Origin,Accept-Encoding","date":"Sat, 21 Nov 2020 14:37:43 GMT","server":"ESF","cache-control":"private","x-xss-protection":"0","x-frame-options":"SAMEORIGIN","x-content-type-options":"nosniff","alt-svc":"h3-29=\":443\"; ma=2592000,h3-T051=\":443\"; ma=2592000,h3-Q050=\":443\"; ma=2592000,h3-Q046=\":443\"; ma=2592000,h3-Q043=\":443\"; ma=2592000,quic=\":443\"; ma=2592000; v=\"46,43\"","accept-ranges":"none","transfer-encoding":"chunked"}
[info] +  functions[sayHello(us-central1)]: Successful create operation.  
[info] Function URL (sayHello): https://us-central1-restapi-58654.cloudfunctions.net/sayHello
[debug] [2020-11-21T14:37:42.981Z] <<< HTTP RESPONSE 200 {"content-type":"application/json; charset=UTF-8","vary":"X-Origin, Referer, Origin,Accept-Encoding","date":"Sat, 21 Nov 2020 14:37:43 GMT","server":"ESF","cache-control":"private","x-xss-protection":"0","x-frame-options":"SAMEORIGIN","x-content-type-options":"nosniff","alt-svc":"h3-29=\":443\"; ma=2592000,h3-T051=\":443\"; ma=2592000,h3-Q050=\":443\"; ma=2592000,h3-Q046=\":443\"; ma=2592000,h3-Q043=\":443\"; ma=2592000,quic=\":443\"; ma=2592000; v=\"46,43\"","accept-ranges":"none","transfer-encoding":"chunked"}
[debug] [2020-11-21T14:37:42.987Z] <<< HTTP RESPONSE 200 {"content-type":"application/json; charset=UTF-8","vary":"X-Origin, Referer, Origin,Accept-Encoding","date":"Sat, 21 Nov 2020 14:37:43 GMT","server":"ESF","cache-control":"private","x-xss-protection":"0","x-frame-options":"SAMEORIGIN","x-content-type-options":"nosniff","alt-svc":"h3-29=\":443\"; ma=2592000,h3-T051=\":443\"; ma=2592000,h3-Q050=\":443\"; ma=2592000,h3-Q046=\":443\"; ma=2592000,h3-Q043=\":443\"; ma=2592000,quic=\":443\"; ma=2592000; v=\"46,43\"","accept-ranges":"none","transfer-encoding":"chunked"}
[debug] [2020-11-21T14:37:43.228Z] <<< HTTP RESPONSE 200 {"content-type":"application/json; charset=UTF-8","vary":"X-Origin, Referer, Origin,Accept-Encoding","date":"Sat, 21 Nov 2020 14:37:43 GMT","server":"ESF","cache-control":"private","x-xss-protection":"0","x-frame-options":"SAMEORIGIN","x-content-type-options":"nosniff","alt-svc":"h3-29=\":443\"; ma=2592000,h3-T051=\":443\"; ma=2592000,h3-Q050=\":443\"; ma=2592000,h3-Q046=\":443\"; ma=2592000,h3-Q043=\":443\"; ma=2592000,quic=\":443\"; ma=2592000; v=\"46,43\"","accept-ranges":"none","transfer-encoding":"chunked"}
[debug] [2020-11-21T14:37:44.992Z] >>> HTTP REQUEST GET https://cloudfunctions.googleapis.com/v1/operations/cmVzdGFwaS01ODY1NC91cy1jZW50cmFsMS9hZGQvbnhkeXJtSVAwRnM  
 
[debug] [2020-11-21T14:37:44.993Z] >>> HTTP REQUEST GET https://cloudfunctions.googleapis.com/v1/operations/cmVzdGFwaS01ODY1NC91cy1jZW50cmFsMS9yYW5kb21OdW1iZXIvMmlFRU9aT1B0V2M  
 
[debug] [2020-11-21T14:37:45.229Z] >>> HTTP REQUEST GET https://cloudfunctions.googleapis.com/v1/operations/cmVzdGFwaS01ODY1NC91cy1jZW50cmFsMS90b3RoZURvam8vbHllMVpwN3NjZ3M  
 
[debug] [2020-11-21T14:37:45.408Z] <<< HTTP RESPONSE 200 {"content-type":"application/json; charset=UTF-8","vary":"X-Origin, Referer, Origin,Accept-Encoding","date":"Sat, 21 Nov 2020 14:37:45 GMT","server":"ESF","cache-control":"private","x-xss-protection":"0","x-frame-options":"SAMEORIGIN","x-content-type-options":"nosniff","alt-svc":"h3-29=\":443\"; ma=2592000,h3-T051=\":443\"; ma=2592000,h3-Q050=\":443\"; ma=2592000,h3-Q046=\":443\"; ma=2592000,h3-Q043=\":443\"; ma=2592000,quic=\":443\"; ma=2592000; v=\"46,43\"","accept-ranges":"none","transfer-encoding":"chunked"}
[debug] [2020-11-21T14:37:45.461Z] <<< HTTP RESPONSE 200 {"content-type":"application/json; charset=UTF-8","vary":"X-Origin, Referer, Origin,Accept-Encoding","date":"Sat, 21 Nov 2020 14:37:45 GMT","server":"ESF","cache-control":"private","x-xss-protection":"0","x-frame-options":"SAMEORIGIN","x-content-type-options":"nosniff","alt-svc":"h3-29=\":443\"; ma=2592000,h3-T051=\":443\"; ma=2592000,h3-Q050=\":443\"; ma=2592000,h3-Q046=\":443\"; ma=2592000,h3-Q043=\":443\"; ma=2592000,quic=\":443\"; ma=2592000; v=\"46,43\"","accept-ranges":"none","transfer-encoding":"chunked"}
[debug] [2020-11-21T14:37:45.657Z] <<< HTTP RESPONSE 200 {"content-type":"application/json; charset=UTF-8","vary":"X-Origin, Referer, Origin,Accept-Encoding","date":"Sat, 21 Nov 2020 14:37:45 GMT","server":"ESF","cache-control":"private","x-xss-protection":"0","x-frame-options":"SAMEORIGIN","x-content-type-options":"nosniff","alt-svc":"h3-29=\":443\"; ma=2592000,h3-T051=\":443\"; ma=2592000,h3-Q050=\":443\"; ma=2592000,h3-Q046=\":443\"; ma=2592000,h3-Q043=\":443\"; ma=2592000,quic=\":443\"; ma=2592000; v=\"46,43\"","accept-ranges":"none","transfer-encoding":"chunked"}
[debug] [2020-11-21T14:37:47.420Z] >>> HTTP REQUEST GET https://cloudfunctions.googleapis.com/v1/operations/cmVzdGFwaS01ODY1NC91cy1jZW50cmFsMS9yYW5kb21OdW1iZXIvMmlFRU9aT1B0V2M  
 
[debug] [2020-11-21T14:37:47.468Z] >>> HTTP REQUEST GET https://cloudfunctions.googleapis.com/v1/operations/cmVzdGFwaS01ODY1NC91cy1jZW50cmFsMS9hZGQvbnhkeXJtSVAwRnM  
 
[debug] [2020-11-21T14:37:47.660Z] >>> HTTP REQUEST GET https://cloudfunctions.googleapis.com/v1/operations/cmVzdGFwaS01ODY1NC91cy1jZW50cmFsMS90b3RoZURvam8vbHllMVpwN3NjZ3M  
 
[debug] [2020-11-21T14:37:47.835Z] <<< HTTP RESPONSE 200 {"content-type":"application/json; charset=UTF-8","vary":"X-Origin, Referer, Origin,Accept-Encoding","date":"Sat, 21 Nov 2020 14:37:48 GMT","server":"ESF","cache-control":"private","x-xss-protection":"0","x-frame-options":"SAMEORIGIN","x-content-type-options":"nosniff","alt-svc":"h3-29=\":443\"; ma=2592000,h3-T051=\":443\"; ma=2592000,h3-Q050=\":443\"; ma=2592000,h3-Q046=\":443\"; ma=2592000,h3-Q043=\":443\"; ma=2592000,quic=\":443\"; ma=2592000; v=\"46,43\"","accept-ranges":"none","transfer-encoding":"chunked"}
[debug] [2020-11-21T14:37:47.979Z] <<< HTTP RESPONSE 200 {"content-type":"application/json; charset=UTF-8","vary":"X-Origin, Referer, Origin,Accept-Encoding","date":"Sat, 21 Nov 2020 14:37:48 GMT","server":"ESF","cache-control":"private","x-xss-protection":"0","x-frame-options":"SAMEORIGIN","x-content-type-options":"nosniff","alt-svc":"h3-29=\":443\"; ma=2592000,h3-T051=\":443\"; ma=2592000,h3-Q050=\":443\"; ma=2592000,h3-Q046=\":443\"; ma=2592000,h3-Q043=\":443\"; ma=2592000,quic=\":443\"; ma=2592000; v=\"46,43\"","accept-ranges":"none","transfer-encoding":"chunked"}
[debug] [2020-11-21T14:37:48.074Z] <<< HTTP RESPONSE 200 {"content-type":"application/json; charset=UTF-8","vary":"X-Origin, Referer, Origin,Accept-Encoding","date":"Sat, 21 Nov 2020 14:37:48 GMT","server":"ESF","cache-control":"private","x-xss-protection":"0","x-frame-options":"SAMEORIGIN","x-content-type-options":"nosniff","alt-svc":"h3-29=\":443\"; ma=2592000,h3-T051=\":443\"; ma=2592000,h3-Q050=\":443\"; ma=2592000,h3-Q046=\":443\"; ma=2592000,h3-Q043=\":443\"; ma=2592000,quic=\":443\"; ma=2592000; v=\"46,43\"","accept-ranges":"none","transfer-encoding":"chunked"}
[debug] [2020-11-21T14:37:49.852Z] >>> HTTP REQUEST GET https://cloudfunctions.googleapis.com/v1/operations/cmVzdGFwaS01ODY1NC91cy1jZW50cmFsMS9yYW5kb21OdW1iZXIvMmlFRU9aT1B0V2M  
 
[debug] [2020-11-21T14:37:49.994Z] >>> HTTP REQUEST GET https://cloudfunctions.googleapis.com/v1/operations/cmVzdGFwaS01ODY1NC91cy1jZW50cmFsMS9hZGQvbnhkeXJtSVAwRnM  
 
[debug] [2020-11-21T14:37:50.090Z] >>> HTTP REQUEST GET https://cloudfunctions.googleapis.com/v1/operations/cmVzdGFwaS01ODY1NC91cy1jZW50cmFsMS90b3RoZURvam8vbHllMVpwN3NjZ3M  
 
[debug] [2020-11-21T14:37:50.244Z] <<< HTTP RESPONSE 200 {"content-type":"application/json; charset=UTF-8","vary":"X-Origin, Referer, Origin,Accept-Encoding","date":"Sat, 21 Nov 2020 14:37:50 GMT","server":"ESF","cache-control":"private","x-xss-protection":"0","x-frame-options":"SAMEORIGIN","x-content-type-options":"nosniff","alt-svc":"h3-29=\":443\"; ma=2592000,h3-T051=\":443\"; ma=2592000,h3-Q050=\":443\"; ma=2592000,h3-Q046=\":443\"; ma=2592000,h3-Q043=\":443\"; ma=2592000,quic=\":443\"; ma=2592000; v=\"46,43\"","accept-ranges":"none","transfer-encoding":"chunked"}
[debug] [2020-11-21T14:37:50.422Z] <<< HTTP RESPONSE 200 {"content-type":"application/json; charset=UTF-8","vary":"X-Origin, Referer, Origin,Accept-Encoding","date":"Sat, 21 Nov 2020 14:37:50 GMT","server":"ESF","cache-control":"private","x-xss-protection":"0","x-frame-options":"SAMEORIGIN","x-content-type-options":"nosniff","alt-svc":"h3-29=\":443\"; ma=2592000,h3-T051=\":443\"; ma=2592000,h3-Q050=\":443\"; ma=2592000,h3-Q046=\":443\"; ma=2592000,h3-Q043=\":443\"; ma=2592000,quic=\":443\"; ma=2592000; v=\"46,43\"","accept-ranges":"none","transfer-encoding":"chunked"}
[debug] [2020-11-21T14:37:50.477Z] <<< HTTP RESPONSE 200 {"content-type":"application/json; charset=UTF-8","vary":"X-Origin, Referer, Origin,Accept-Encoding","date":"Sat, 21 Nov 2020 14:37:50 GMT","server":"ESF","cache-control":"private","x-xss-protection":"0","x-frame-options":"SAMEORIGIN","x-content-type-options":"nosniff","alt-svc":"h3-29=\":443\"; ma=2592000,h3-T051=\":443\"; ma=2592000,h3-Q050=\":443\"; ma=2592000,h3-Q046=\":443\"; ma=2592000,h3-Q043=\":443\"; ma=2592000,quic=\":443\"; ma=2592000; v=\"46,43\"","accept-ranges":"none","transfer-encoding":"chunked"}
[debug] [2020-11-21T14:37:52.253Z] >>> HTTP REQUEST GET https://cloudfunctions.googleapis.com/v1/operations/cmVzdGFwaS01ODY1NC91cy1jZW50cmFsMS9yYW5kb21OdW1iZXIvMmlFRU9aT1B0V2M  
 
[debug] [2020-11-21T14:37:52.429Z] >>> HTTP REQUEST GET https://cloudfunctions.googleapis.com/v1/operations/cmVzdGFwaS01ODY1NC91cy1jZW50cmFsMS9hZGQvbnhkeXJtSVAwRnM  
 
[debug] [2020-11-21T14:37:52.488Z] >>> HTTP REQUEST GET https://cloudfunctions.googleapis.com/v1/operations/cmVzdGFwaS01ODY1NC91cy1jZW50cmFsMS90b3RoZURvam8vbHllMVpwN3NjZ3M  
 
[debug] [2020-11-21T14:37:52.636Z] <<< HTTP RESPONSE 200 {"content-type":"application/json; charset=UTF-8","vary":"X-Origin, Referer, Origin,Accept-Encoding","date":"Sat, 21 Nov 2020 14:37:52 GMT","server":"ESF","cache-control":"private","x-xss-protection":"0","x-frame-options":"SAMEORIGIN","x-content-type-options":"nosniff","alt-svc":"h3-29=\":443\"; ma=2592000,h3-T051=\":443\"; ma=2592000,h3-Q050=\":443\"; ma=2592000,h3-Q046=\":443\"; ma=2592000,h3-Q043=\":443\"; ma=2592000,quic=\":443\"; ma=2592000; v=\"46,43\"","accept-ranges":"none","transfer-encoding":"chunked"}
[debug] [2020-11-21T14:37:52.811Z] <<< HTTP RESPONSE 200 {"content-type":"application/json; charset=UTF-8","vary":"X-Origin, Referer, Origin,Accept-Encoding","date":"Sat, 21 Nov 2020 14:37:53 GMT","server":"ESF","cache-control":"private","x-xss-protection":"0","x-frame-options":"SAMEORIGIN","x-content-type-options":"nosniff","alt-svc":"h3-29=\":443\"; ma=2592000,h3-T051=\":443\"; ma=2592000,h3-Q050=\":443\"; ma=2592000,h3-Q046=\":443\"; ma=2592000,h3-Q043=\":443\"; ma=2592000,quic=\":443\"; ma=2592000; v=\"46,43\"","accept-ranges":"none","transfer-encoding":"chunked"}
[debug] [2020-11-21T14:37:52.915Z] <<< HTTP RESPONSE 200 {"content-type":"application/json; charset=UTF-8","vary":"X-Origin, Referer, Origin,Accept-Encoding","date":"Sat, 21 Nov 2020 14:37:53 GMT","server":"ESF","cache-control":"private","x-xss-protection":"0","x-frame-options":"SAMEORIGIN","x-content-type-options":"nosniff","alt-svc":"h3-29=\":443\"; ma=2592000,h3-T051=\":443\"; ma=2592000,h3-Q050=\":443\"; ma=2592000,h3-Q046=\":443\"; ma=2592000,h3-Q043=\":443\"; ma=2592000,quic=\":443\"; ma=2592000; v=\"46,43\"","accept-ranges":"none","transfer-encoding":"chunked"}
[debug] [2020-11-21T14:37:54.641Z] >>> HTTP REQUEST GET https://cloudfunctions.googleapis.com/v1/operations/cmVzdGFwaS01ODY1NC91cy1jZW50cmFsMS9yYW5kb21OdW1iZXIvMmlFRU9aT1B0V2M  
 
[debug] [2020-11-21T14:37:54.812Z] >>> HTTP REQUEST GET https://cloudfunctions.googleapis.com/v1/operations/cmVzdGFwaS01ODY1NC91cy1jZW50cmFsMS9hZGQvbnhkeXJtSVAwRnM  
 
[debug] [2020-11-21T14:37:54.920Z] >>> HTTP REQUEST GET https://cloudfunctions.googleapis.com/v1/operations/cmVzdGFwaS01ODY1NC91cy1jZW50cmFsMS90b3RoZURvam8vbHllMVpwN3NjZ3M  
 
[debug] [2020-11-21T14:37:55.107Z] <<< HTTP RESPONSE 200 {"content-type":"application/json; charset=UTF-8","vary":"X-Origin, Referer, Origin,Accept-Encoding","date":"Sat, 21 Nov 2020 14:37:55 GMT","server":"ESF","cache-control":"private","x-xss-protection":"0","x-frame-options":"SAMEORIGIN","x-content-type-options":"nosniff","alt-svc":"h3-29=\":443\"; ma=2592000,h3-T051=\":443\"; ma=2592000,h3-Q050=\":443\"; ma=2592000,h3-Q046=\":443\"; ma=2592000,h3-Q043=\":443\"; ma=2592000,quic=\":443\"; ma=2592000; v=\"46,43\"","accept-ranges":"none","transfer-encoding":"chunked"}
[debug] [2020-11-21T14:37:55.223Z] <<< HTTP RESPONSE 200 {"content-type":"application/json; charset=UTF-8","vary":"X-Origin, Referer, Origin,Accept-Encoding","date":"Sat, 21 Nov 2020 14:37:55 GMT","server":"ESF","cache-control":"private","x-xss-protection":"0","x-frame-options":"SAMEORIGIN","x-content-type-options":"nosniff","alt-svc":"h3-29=\":443\"; ma=2592000,h3-T051=\":443\"; ma=2592000,h3-Q050=\":443\"; ma=2592000,h3-Q046=\":443\"; ma=2592000,h3-Q043=\":443\"; ma=2592000,quic=\":443\"; ma=2592000; v=\"46,43\"","accept-ranges":"none","transfer-encoding":"chunked"}
[debug] [2020-11-21T14:37:55.313Z] <<< HTTP RESPONSE 200 {"content-type":"application/json; charset=UTF-8","vary":"X-Origin, Referer, Origin,Accept-Encoding","date":"Sat, 21 Nov 2020 14:37:55 GMT","server":"ESF","cache-control":"private","x-xss-protection":"0","x-frame-options":"SAMEORIGIN","x-content-type-options":"nosniff","alt-svc":"h3-29=\":443\"; ma=2592000,h3-T051=\":443\"; ma=2592000,h3-Q050=\":443\"; ma=2592000,h3-Q046=\":443\"; ma=2592000,h3-Q043=\":443\"; ma=2592000,quic=\":443\"; ma=2592000; v=\"46,43\"","accept-ranges":"none","transfer-encoding":"chunked"}
[info] +  functions[totheDojo(us-central1)]: Successful create operation.  
[info] Function URL (totheDojo): https://us-central1-restapi-58654.cloudfunctions.net/totheDojo
[debug] [2020-11-21T14:37:57.123Z] >>> HTTP REQUEST GET https://cloudfunctions.googleapis.com/v1/operations/cmVzdGFwaS01ODY1NC91cy1jZW50cmFsMS9yYW5kb21OdW1iZXIvMmlFRU9aT1B0V2M  
 
[debug] [2020-11-21T14:37:57.235Z] >>> HTTP REQUEST GET https://cloudfunctions.googleapis.com/v1/operations/cmVzdGFwaS01ODY1NC91cy1jZW50cmFsMS9hZGQvbnhkeXJtSVAwRnM  
 
[debug] [2020-11-21T14:37:57.514Z] <<< HTTP RESPONSE 200 {"content-type":"application/json; charset=UTF-8","vary":"X-Origin, Referer, Origin,Accept-Encoding","date":"Sat, 21 Nov 2020 14:37:57 GMT","server":"ESF","cache-control":"private","x-xss-protection":"0","x-frame-options":"SAMEORIGIN","x-content-type-options":"nosniff","alt-svc":"h3-29=\":443\"; ma=2592000,h3-T051=\":443\"; ma=2592000,h3-Q050=\":443\"; ma=2592000,h3-Q046=\":443\"; ma=2592000,h3-Q043=\":443\"; ma=2592000,quic=\":443\"; ma=2592000; v=\"46,43\"","accept-ranges":"none","transfer-encoding":"chunked"}
[debug] [2020-11-21T14:37:57.646Z] <<< HTTP RESPONSE 200 {"content-type":"application/json; charset=UTF-8","vary":"X-Origin, Referer, Origin,Accept-Encoding","date":"Sat, 21 Nov 2020 14:37:57 GMT","server":"ESF","cache-control":"private","x-xss-protection":"0","x-frame-options":"SAMEORIGIN","x-content-type-options":"nosniff","alt-svc":"h3-29=\":443\"; ma=2592000,h3-T051=\":443\"; ma=2592000,h3-Q050=\":443\"; ma=2592000,h3-Q046=\":443\"; ma=2592000,h3-Q043=\":443\"; ma=2592000,quic=\":443\"; ma=2592000; v=\"46,43\"","accept-ranges":"none","transfer-encoding":"chunked"}
[info] +  functions[add(us-central1)]: Successful create operation.  
[info] Function URL (add): https://us-central1-restapi-58654.cloudfunctions.net/add
